{"/Users/ruchita/Documents/Demo/todoListApp/App.js": {"path":"/Users/ruchita/Documents/Demo/todoListApp/App.js","statementMap":{"0":{"start":{"line":18,"column":0},"end":{"line":20,"column":3}},"1":{"start":{"line":21,"column":1},"end":{"line":21,"column":22}},"2":{"start":{"line":22,"column":13},"end":{"line":61,"column":2}},"3":{"start":{"line":25,"column":22},"end":{"line":25,"column":39}},"4":{"start":{"line":26,"column":23},"end":{"line":41,"column":4}},"5":{"start":{"line":27,"column":20},"end":{"line":27,"column":28}},"6":{"start":{"line":29,"column":24},"end":{"line":33,"column":6}},"7":{"start":{"line":30,"column":26},"end":{"line":30,"column":48}},"8":{"start":{"line":31,"column":25},"end":{"line":31,"column":46}},"9":{"start":{"line":32,"column":24},"end":{"line":32,"column":50}},"10":{"start":{"line":35,"column":5},"end":{"line":40,"column":7}},"11":{"start":{"line":43,"column":3},"end":{"line":60,"column":5}},"12":{"start":{"line":49,"column":13},"end":{"line":49,"column":39}},"13":{"start":{"line":50,"column":13},"end":{"line":54,"column":15}}},"fnMap":{"0":{"name":"(anonymous_0)","decl":{"start":{"line":22,"column":13},"end":{"line":22,"column":14}},"loc":{"start":{"line":22,"column":19},"end":{"line":61,"column":2}},"line":22},"1":{"name":"(anonymous_1)","decl":{"start":{"line":26,"column":23},"end":{"line":26,"column":24}},"loc":{"start":{"line":26,"column":32},"end":{"line":41,"column":4}},"line":26},"2":{"name":"(anonymous_2)","decl":{"start":{"line":30,"column":20},"end":{"line":30,"column":21}},"loc":{"start":{"line":30,"column":26},"end":{"line":30,"column":48}},"line":30},"3":{"name":"(anonymous_3)","decl":{"start":{"line":31,"column":19},"end":{"line":31,"column":20}},"loc":{"start":{"line":31,"column":25},"end":{"line":31,"column":46}},"line":31},"4":{"name":"(anonymous_4)","decl":{"start":{"line":32,"column":18},"end":{"line":32,"column":19}},"loc":{"start":{"line":32,"column":24},"end":{"line":32,"column":50}},"line":32},"5":{"name":"(anonymous_5)","decl":{"start":{"line":48,"column":12},"end":{"line":48,"column":13}},"loc":{"start":{"line":48,"column":21},"end":{"line":55,"column":12}},"line":48}},"branchMap":{},"s":{"0":1,"1":1,"2":1,"3":2,"4":2,"5":2,"6":1,"7":1,"8":0,"9":0,"10":1,"11":2,"12":1,"13":1},"f":{"0":2,"1":2,"2":1,"3":0,"4":0,"5":1},"b":{},"_coverageSchema":"1a1c01bbd47fc00a2c39e90264f33305004495a9","hash":"ee169a3ed410ea1dffe22bffe481a021a1a455ca"}
,"/Users/ruchita/Documents/Demo/todoListApp/src/Components/Common/Button.js": {"path":"/Users/ruchita/Documents/Demo/todoListApp/src/Components/Common/Button.js","statementMap":{"0":{"start":{"line":6,"column":15},"end":{"line":20,"column":1}},"1":{"start":{"line":8,"column":2},"end":{"line":19,"column":4}},"2":{"start":{"line":22,"column":15},"end":{"line":36,"column":2}}},"fnMap":{"0":{"name":"(anonymous_0)","decl":{"start":{"line":6,"column":15},"end":{"line":6,"column":16}},"loc":{"start":{"line":6,"column":26},"end":{"line":20,"column":1}},"line":6}},"branchMap":{"0":{"loc":{"start":{"line":13,"column":10},"end":{"line":14,"column":148}},"type":"binary-expr","locations":[{"start":{"line":13,"column":10},"end":{"line":13,"column":26}},{"start":{"line":14,"column":10},"end":{"line":14,"column":148}}],"line":13}},"s":{"0":1,"1":0,"2":1},"f":{"0":0},"b":{"0":[0,0]},"_coverageSchema":"1a1c01bbd47fc00a2c39e90264f33305004495a9","hash":"82e120dac6fc8e3664e2917778e70a395b968943"}
,"/Users/ruchita/Documents/Demo/todoListApp/src/Components/Common/InputText.js": {"path":"/Users/ruchita/Documents/Demo/todoListApp/src/Components/Common/InputText.js","statementMap":{"0":{"start":{"line":6,"column":18},"end":{"line":57,"column":1}},"1":{"start":{"line":10,"column":108},"end":{"line":10,"column":113}},"2":{"start":{"line":11,"column":4},"end":{"line":56,"column":5}},"3":{"start":{"line":61,"column":15},"end":{"line":94,"column":2}}},"fnMap":{"0":{"name":"(anonymous_0)","decl":{"start":{"line":6,"column":18},"end":{"line":6,"column":19}},"loc":{"start":{"line":6,"column":29},"end":{"line":57,"column":1}},"line":6}},"branchMap":{"0":{"loc":{"start":{"line":13,"column":13},"end":{"line":13,"column":79}},"type":"binary-expr","locations":[{"start":{"line":13,"column":13},"end":{"line":13,"column":20}},{"start":{"line":13,"column":24},"end":{"line":13,"column":79}}],"line":13},"1":{"loc":{"start":{"line":15,"column":17},"end":{"line":18,"column":39}},"type":"binary-expr","locations":[{"start":{"line":15,"column":17},"end":{"line":15,"column":27}},{"start":{"line":16,"column":20},"end":{"line":18,"column":39}}],"line":15},"2":{"loc":{"start":{"line":44,"column":17},"end":{"line":47,"column":39}},"type":"binary-expr","locations":[{"start":{"line":44,"column":17},"end":{"line":44,"column":28}},{"start":{"line":45,"column":20},"end":{"line":47,"column":39}}],"line":44},"3":{"loc":{"start":{"line":48,"column":17},"end":{"line":51,"column":39}},"type":"binary-expr","locations":[{"start":{"line":48,"column":17},"end":{"line":48,"column":34}},{"start":{"line":49,"column":20},"end":{"line":51,"column":39}}],"line":48}},"s":{"0":1,"1":0,"2":0,"3":1},"f":{"0":0},"b":{"0":[0,0],"1":[0,0],"2":[0,0],"3":[0,0]},"_coverageSchema":"1a1c01bbd47fc00a2c39e90264f33305004495a9","hash":"074c1be24d85112ac86d6ecf77e5c023b749cec4"}
,"/Users/ruchita/Documents/Demo/todoListApp/src/Components/Loader/Spinner.js": {"path":"/Users/ruchita/Documents/Demo/todoListApp/src/Components/Loader/Spinner.js","statementMap":{"0":{"start":{"line":6,"column":16},"end":{"line":12,"column":1}},"1":{"start":{"line":7,"column":2},"end":{"line":11,"column":4}},"2":{"start":{"line":14,"column":22},"end":{"line":23,"column":2}}},"fnMap":{"0":{"name":"(anonymous_0)","decl":{"start":{"line":6,"column":16},"end":{"line":6,"column":17}},"loc":{"start":{"line":6,"column":22},"end":{"line":12,"column":1}},"line":6}},"branchMap":{},"s":{"0":1,"1":0,"2":1},"f":{"0":0},"b":{},"_coverageSchema":"1a1c01bbd47fc00a2c39e90264f33305004495a9","hash":"46a263ec894f05c08d0465bdaf8634168ca0566c"}
,"/Users/ruchita/Documents/Demo/todoListApp/src/Components/Loader/index.js": {"path":"/Users/ruchita/Documents/Demo/todoListApp/src/Components/Loader/index.js","statementMap":{"0":{"start":{"line":5,"column":15},"end":{"line":29,"column":1}},"1":{"start":{"line":6,"column":32},"end":{"line":6,"column":43}},"2":{"start":{"line":8,"column":2},"end":{"line":18,"column":6}},"3":{"start":{"line":8,"column":34},"end":{"line":18,"column":3}},"4":{"start":{"line":10,"column":27},"end":{"line":10,"column":38}},"5":{"start":{"line":11,"column":6},"end":{"line":11,"column":31}},"6":{"start":{"line":14,"column":27},"end":{"line":14,"column":56}},"7":{"start":{"line":15,"column":6},"end":{"line":15,"column":31}},"8":{"start":{"line":17,"column":21},"end":{"line":17,"column":33}},"9":{"start":{"line":20,"column":2},"end":{"line":22,"column":3}},"10":{"start":{"line":21,"column":4},"end":{"line":21,"column":16}},"11":{"start":{"line":24,"column":2},"end":{"line":28,"column":4}},"12":{"start":{"line":31,"column":15},"end":{"line":40,"column":2}}},"fnMap":{"0":{"name":"(anonymous_0)","decl":{"start":{"line":5,"column":15},"end":{"line":5,"column":16}},"loc":{"start":{"line":5,"column":31},"end":{"line":29,"column":1}},"line":5},"1":{"name":"(anonymous_1)","decl":{"start":{"line":8,"column":27},"end":{"line":8,"column":28}},"loc":{"start":{"line":8,"column":34},"end":{"line":18,"column":3}},"line":8},"2":{"name":"(anonymous_2)","decl":{"start":{"line":9,"column":11},"end":{"line":9,"column":12}},"loc":{"start":{"line":9,"column":17},"end":{"line":12,"column":5}},"line":9},"3":{"name":"(anonymous_3)","decl":{"start":{"line":13,"column":10},"end":{"line":13,"column":11}},"loc":{"start":{"line":13,"column":16},"end":{"line":16,"column":5}},"line":13},"4":{"name":"(anonymous_4)","decl":{"start":{"line":17,"column":15},"end":{"line":17,"column":16}},"loc":{"start":{"line":17,"column":21},"end":{"line":17,"column":33}},"line":17}},"branchMap":{"0":{"loc":{"start":{"line":14,"column":27},"end":{"line":14,"column":56}},"type":"cond-expr","locations":[{"start":{"line":14,"column":41},"end":{"line":14,"column":52}},{"start":{"line":14,"column":55},"end":{"line":14,"column":56}}],"line":14},"1":{"loc":{"start":{"line":20,"column":2},"end":{"line":22,"column":3}},"type":"if","locations":[{"start":{"line":20,"column":2},"end":{"line":22,"column":3}},{"start":{},"end":{}}],"line":20}},"s":{"0":1,"1":1,"2":1,"3":1,"4":1,"5":1,"6":0,"7":0,"8":0,"9":1,"10":1,"11":0,"12":1},"f":{"0":1,"1":1,"2":1,"3":0,"4":0},"b":{"0":[0,0],"1":[1,0]},"_coverageSchema":"1a1c01bbd47fc00a2c39e90264f33305004495a9","hash":"025baed5f884105283d385fc3598687ef2469115"}
,"/Users/ruchita/Documents/Demo/todoListApp/src/Components/TaskItem/TaskrenderItem.js": {"path":"/Users/ruchita/Documents/Demo/todoListApp/src/Components/TaskItem/TaskrenderItem.js","statementMap":{"0":{"start":{"line":8,"column":23},"end":{"line":47,"column":1}},"1":{"start":{"line":9,"column":41},"end":{"line":9,"column":46}},"2":{"start":{"line":11,"column":29},"end":{"line":21,"column":5}},"3":{"start":{"line":12,"column":20},"end":{"line":15,"column":8}},"4":{"start":{"line":16,"column":6},"end":{"line":20,"column":8}},"5":{"start":{"line":23,"column":33},"end":{"line":32,"column":4}},"6":{"start":{"line":24,"column":6},"end":{"line":24,"column":21}},"7":{"start":{"line":26,"column":6},"end":{"line":30,"column":17}},"8":{"start":{"line":33,"column":4},"end":{"line":46,"column":5}},"9":{"start":{"line":34,"column":78},"end":{"line":34,"column":100}},"10":{"start":{"line":49,"column":15},"end":{"line":62,"column":2}}},"fnMap":{"0":{"name":"(anonymous_0)","decl":{"start":{"line":8,"column":23},"end":{"line":8,"column":24}},"loc":{"start":{"line":8,"column":34},"end":{"line":47,"column":1}},"line":8},"1":{"name":"(anonymous_1)","decl":{"start":{"line":11,"column":29},"end":{"line":11,"column":30}},"loc":{"start":{"line":11,"column":50},"end":{"line":21,"column":5}},"line":11},"2":{"name":"(anonymous_2)","decl":{"start":{"line":23,"column":45},"end":{"line":23,"column":46}},"loc":{"start":{"line":23,"column":51},"end":{"line":32,"column":3}},"line":23},"3":{"name":"(anonymous_3)","decl":{"start":{"line":34,"column":72},"end":{"line":34,"column":73}},"loc":{"start":{"line":34,"column":78},"end":{"line":34,"column":100}},"line":34}},"branchMap":{"0":{"loc":{"start":{"line":18,"column":136},"end":{"line":18,"column":174}},"type":"cond-expr","locations":[{"start":{"line":18,"column":154},"end":{"line":18,"column":160}},{"start":{"line":18,"column":163},"end":{"line":18,"column":174}}],"line":18},"1":{"loc":{"start":{"line":37,"column":50},"end":{"line":37,"column":92}},"type":"cond-expr","locations":[{"start":{"line":37,"column":68},"end":{"line":37,"column":80}},{"start":{"line":37,"column":82},"end":{"line":37,"column":92}}],"line":37},"2":{"loc":{"start":{"line":39,"column":12},"end":{"line":40,"column":66}},"type":"binary-expr","locations":[{"start":{"line":39,"column":12},"end":{"line":39,"column":34}},{"start":{"line":40,"column":12},"end":{"line":40,"column":66}}],"line":39}},"s":{"0":1,"1":0,"2":0,"3":0,"4":0,"5":0,"6":0,"7":0,"8":0,"9":0,"10":1},"f":{"0":0,"1":0,"2":0,"3":0},"b":{"0":[0,0],"1":[0,0],"2":[0,0]},"_coverageSchema":"1a1c01bbd47fc00a2c39e90264f33305004495a9","hash":"680c3f86e84891c2945cc26467c95c3ee2b8f470"}
,"/Users/ruchita/Documents/Demo/todoListApp/src/Helper/AxiosHelper.js": {"path":"/Users/ruchita/Documents/Demo/todoListApp/src/Helper/AxiosHelper.js","statementMap":{"0":{"start":{"line":11,"column":0},"end":{"line":11,"column":39}},"1":{"start":{"line":13,"column":0},"end":{"line":28,"column":3}},"2":{"start":{"line":15,"column":20},"end":{"line":17,"column":3}},"3":{"start":{"line":19,"column":2},"end":{"line":22,"column":4}},"4":{"start":{"line":24,"column":2},"end":{"line":24,"column":28}},"5":{"start":{"line":25,"column":2},"end":{"line":25,"column":36}},"6":{"start":{"line":27,"column":2},"end":{"line":27,"column":19}},"7":{"start":{"line":30,"column":30},"end":{"line":47,"column":1}},"8":{"start":{"line":31,"column":2},"end":{"line":31,"column":60}},"9":{"start":{"line":32,"column":2},"end":{"line":46,"column":5}},"10":{"start":{"line":33,"column":4},"end":{"line":45,"column":9}},"11":{"start":{"line":38,"column":8},"end":{"line":38,"column":60}},"12":{"start":{"line":39,"column":8},"end":{"line":39,"column":32}},"13":{"start":{"line":42,"column":8},"end":{"line":42,"column":56}},"14":{"start":{"line":43,"column":8},"end":{"line":43,"column":27}},"15":{"start":{"line":49,"column":42},"end":{"line":61,"column":1}},"16":{"start":{"line":50,"column":2},"end":{"line":60,"column":5}},"17":{"start":{"line":51,"column":4},"end":{"line":59,"column":9}},"18":{"start":{"line":55,"column":8},"end":{"line":55,"column":32}},"19":{"start":{"line":58,"column":8},"end":{"line":58,"column":35}},"20":{"start":{"line":63,"column":32},"end":{"line":73,"column":1}},"21":{"start":{"line":64,"column":2},"end":{"line":72,"column":5}},"22":{"start":{"line":65,"column":4},"end":{"line":71,"column":9}},"23":{"start":{"line":67,"column":8},"end":{"line":67,"column":32}},"24":{"start":{"line":70,"column":8},"end":{"line":70,"column":41}},"25":{"start":{"line":75,"column":29},"end":{"line":87,"column":1}},"26":{"start":{"line":76,"column":2},"end":{"line":86,"column":5}},"27":{"start":{"line":77,"column":4},"end":{"line":85,"column":9}},"28":{"start":{"line":81,"column":8},"end":{"line":81,"column":31}},"29":{"start":{"line":84,"column":8},"end":{"line":84,"column":41}},"30":{"start":{"line":89,"column":31},"end":{"line":101,"column":1}},"31":{"start":{"line":90,"column":2},"end":{"line":100,"column":5}},"32":{"start":{"line":91,"column":4},"end":{"line":99,"column":9}},"33":{"start":{"line":95,"column":8},"end":{"line":95,"column":32}},"34":{"start":{"line":98,"column":8},"end":{"line":98,"column":41}},"35":{"start":{"line":103,"column":29},"end":{"line":116,"column":1}},"36":{"start":{"line":104,"column":2},"end":{"line":115,"column":5}},"37":{"start":{"line":105,"column":4},"end":{"line":114,"column":9}},"38":{"start":{"line":107,"column":8},"end":{"line":107,"column":32}},"39":{"start":{"line":110,"column":8},"end":{"line":110,"column":41}},"40":{"start":{"line":118,"column":27},"end":{"line":143,"column":1}},"41":{"start":{"line":121,"column":2},"end":{"line":123,"column":3}},"42":{"start":{"line":122,"column":4},"end":{"line":122,"column":67}},"43":{"start":{"line":124,"column":2},"end":{"line":126,"column":3}},"44":{"start":{"line":125,"column":4},"end":{"line":125,"column":74}},"45":{"start":{"line":127,"column":2},"end":{"line":135,"column":3}},"46":{"start":{"line":130,"column":4},"end":{"line":134,"column":6}},"47":{"start":{"line":136,"column":2},"end":{"line":142,"column":4}}},"fnMap":{"0":{"name":"(anonymous_0)","decl":{"start":{"line":13,"column":31},"end":{"line":13,"column":32}},"loc":{"start":{"line":13,"column":49},"end":{"line":28,"column":1}},"line":13},"1":{"name":"(anonymous_1)","decl":{"start":{"line":30,"column":30},"end":{"line":30,"column":31}},"loc":{"start":{"line":30,"column":54},"end":{"line":47,"column":1}},"line":30},"2":{"name":"(anonymous_2)","decl":{"start":{"line":32,"column":21},"end":{"line":32,"column":22}},"loc":{"start":{"line":32,"column":42},"end":{"line":46,"column":3}},"line":32},"3":{"name":"(anonymous_3)","decl":{"start":{"line":37,"column":12},"end":{"line":37,"column":13}},"loc":{"start":{"line":37,"column":26},"end":{"line":40,"column":7}},"line":37},"4":{"name":"(anonymous_4)","decl":{"start":{"line":41,"column":13},"end":{"line":41,"column":14}},"loc":{"start":{"line":41,"column":30},"end":{"line":45,"column":7}},"line":41},"5":{"name":"(anonymous_5)","decl":{"start":{"line":49,"column":42},"end":{"line":49,"column":43}},"loc":{"start":{"line":49,"column":57},"end":{"line":61,"column":1}},"line":49},"6":{"name":"(anonymous_6)","decl":{"start":{"line":50,"column":21},"end":{"line":50,"column":22}},"loc":{"start":{"line":50,"column":42},"end":{"line":60,"column":3}},"line":50},"7":{"name":"(anonymous_7)","decl":{"start":{"line":54,"column":12},"end":{"line":54,"column":13}},"loc":{"start":{"line":54,"column":26},"end":{"line":56,"column":7}},"line":54},"8":{"name":"(anonymous_8)","decl":{"start":{"line":57,"column":13},"end":{"line":57,"column":14}},"loc":{"start":{"line":57,"column":24},"end":{"line":59,"column":7}},"line":57},"9":{"name":"(anonymous_9)","decl":{"start":{"line":63,"column":32},"end":{"line":63,"column":33}},"loc":{"start":{"line":63,"column":56},"end":{"line":73,"column":1}},"line":63},"10":{"name":"(anonymous_10)","decl":{"start":{"line":64,"column":21},"end":{"line":64,"column":22}},"loc":{"start":{"line":64,"column":42},"end":{"line":72,"column":3}},"line":64},"11":{"name":"(anonymous_11)","decl":{"start":{"line":66,"column":12},"end":{"line":66,"column":13}},"loc":{"start":{"line":66,"column":26},"end":{"line":68,"column":7}},"line":66},"12":{"name":"(anonymous_12)","decl":{"start":{"line":69,"column":13},"end":{"line":69,"column":14}},"loc":{"start":{"line":69,"column":30},"end":{"line":71,"column":7}},"line":69},"13":{"name":"(anonymous_13)","decl":{"start":{"line":75,"column":29},"end":{"line":75,"column":30}},"loc":{"start":{"line":75,"column":53},"end":{"line":87,"column":1}},"line":75},"14":{"name":"(anonymous_14)","decl":{"start":{"line":76,"column":21},"end":{"line":76,"column":22}},"loc":{"start":{"line":76,"column":42},"end":{"line":86,"column":3}},"line":76},"15":{"name":"(anonymous_15)","decl":{"start":{"line":80,"column":12},"end":{"line":80,"column":13}},"loc":{"start":{"line":80,"column":26},"end":{"line":82,"column":7}},"line":80},"16":{"name":"(anonymous_16)","decl":{"start":{"line":83,"column":13},"end":{"line":83,"column":14}},"loc":{"start":{"line":83,"column":30},"end":{"line":85,"column":7}},"line":83},"17":{"name":"(anonymous_17)","decl":{"start":{"line":89,"column":31},"end":{"line":89,"column":32}},"loc":{"start":{"line":89,"column":55},"end":{"line":101,"column":1}},"line":89},"18":{"name":"(anonymous_18)","decl":{"start":{"line":90,"column":21},"end":{"line":90,"column":22}},"loc":{"start":{"line":90,"column":42},"end":{"line":100,"column":3}},"line":90},"19":{"name":"(anonymous_19)","decl":{"start":{"line":94,"column":12},"end":{"line":94,"column":13}},"loc":{"start":{"line":94,"column":26},"end":{"line":96,"column":7}},"line":94},"20":{"name":"(anonymous_20)","decl":{"start":{"line":97,"column":13},"end":{"line":97,"column":14}},"loc":{"start":{"line":97,"column":30},"end":{"line":99,"column":7}},"line":97},"21":{"name":"(anonymous_21)","decl":{"start":{"line":103,"column":29},"end":{"line":103,"column":30}},"loc":{"start":{"line":103,"column":75},"end":{"line":116,"column":1}},"line":103},"22":{"name":"(anonymous_22)","decl":{"start":{"line":104,"column":21},"end":{"line":104,"column":22}},"loc":{"start":{"line":104,"column":42},"end":{"line":115,"column":3}},"line":104},"23":{"name":"(anonymous_23)","decl":{"start":{"line":106,"column":12},"end":{"line":106,"column":13}},"loc":{"start":{"line":106,"column":26},"end":{"line":108,"column":7}},"line":106},"24":{"name":"(anonymous_24)","decl":{"start":{"line":109,"column":13},"end":{"line":109,"column":14}},"loc":{"start":{"line":109,"column":30},"end":{"line":111,"column":7}},"line":109},"25":{"name":"(anonymous_25)","decl":{"start":{"line":112,"column":12},"end":{"line":112,"column":13}},"loc":{"start":{"line":112,"column":18},"end":{"line":114,"column":7}},"line":112},"26":{"name":"(anonymous_26)","decl":{"start":{"line":118,"column":27},"end":{"line":118,"column":28}},"loc":{"start":{"line":118,"column":44},"end":{"line":143,"column":1}},"line":118}},"branchMap":{"0":{"loc":{"start":{"line":103,"column":35},"end":{"line":103,"column":53}},"type":"default-arg","locations":[{"start":{"line":103,"column":44},"end":{"line":103,"column":53}}],"line":103},"1":{"loc":{"start":{"line":103,"column":55},"end":{"line":103,"column":70}},"type":"default-arg","locations":[{"start":{"line":103,"column":66},"end":{"line":103,"column":70}}],"line":103},"2":{"loc":{"start":{"line":105,"column":14},"end":{"line":105,"column":79}},"type":"cond-expr","locations":[{"start":{"line":105,"column":23},"end":{"line":105,"column":73}},{"start":{"line":105,"column":76},"end":{"line":105,"column":79}}],"line":105},"3":{"loc":{"start":{"line":121,"column":2},"end":{"line":123,"column":3}},"type":"if","locations":[{"start":{"line":121,"column":2},"end":{"line":123,"column":3}},{"start":{},"end":{}}],"line":121},"4":{"loc":{"start":{"line":121,"column":6},"end":{"line":121,"column":57}},"type":"binary-expr","locations":[{"start":{"line":121,"column":6},"end":{"line":121,"column":22}},{"start":{"line":121,"column":26},"end":{"line":121,"column":57}}],"line":121},"5":{"loc":{"start":{"line":124,"column":2},"end":{"line":126,"column":3}},"type":"if","locations":[{"start":{"line":124,"column":2},"end":{"line":126,"column":3}},{"start":{},"end":{}}],"line":124},"6":{"loc":{"start":{"line":127,"column":2},"end":{"line":135,"column":3}},"type":"if","locations":[{"start":{"line":127,"column":2},"end":{"line":135,"column":3}},{"start":{},"end":{}}],"line":127},"7":{"loc":{"start":{"line":137,"column":13},"end":{"line":139,"column":36}},"type":"cond-expr","locations":[{"start":{"line":138,"column":8},"end":{"line":138,"column":36}},{"start":{"line":139,"column":8},"end":{"line":139,"column":36}}],"line":137}},"s":{"0":1,"1":1,"2":0,"3":0,"4":0,"5":0,"6":0,"7":1,"8":0,"9":0,"10":0,"11":0,"12":0,"13":0,"14":0,"15":1,"16":0,"17":0,"18":0,"19":0,"20":1,"21":0,"22":0,"23":0,"24":0,"25":1,"26":0,"27":0,"28":0,"29":0,"30":1,"31":0,"32":0,"33":0,"34":0,"35":1,"36":1,"37":1,"38":0,"39":0,"40":1,"41":0,"42":0,"43":0,"44":0,"45":0,"46":0,"47":0},"f":{"0":0,"1":0,"2":0,"3":0,"4":0,"5":0,"6":0,"7":0,"8":0,"9":0,"10":0,"11":0,"12":0,"13":0,"14":0,"15":0,"16":0,"17":0,"18":0,"19":0,"20":0,"21":1,"22":1,"23":0,"24":0,"25":0,"26":0},"b":{"0":[1],"1":[1],"2":[0,1],"3":[0,0],"4":[0,0],"5":[0,0],"6":[0,0],"7":[0,0]},"_coverageSchema":"1a1c01bbd47fc00a2c39e90264f33305004495a9","hash":"33534bae4c19eff6d816d964ac0bd3e515aa4b73"}
,"/Users/ruchita/Documents/Demo/todoListApp/src/Helper/Utils.js": {"path":"/Users/ruchita/Documents/Demo/todoListApp/src/Helper/Utils.js","statementMap":{"0":{"start":{"line":1,"column":20},"end":{"line":1,"column":52}},"1":{"start":{"line":1,"column":26},"end":{"line":1,"column":52}},"2":{"start":{"line":2,"column":19},"end":{"line":2,"column":50}},"3":{"start":{"line":2,"column":25},"end":{"line":2,"column":50}},"4":{"start":{"line":3,"column":18},"end":{"line":3,"column":48}},"5":{"start":{"line":3,"column":24},"end":{"line":3,"column":48}}},"fnMap":{"0":{"name":"(anonymous_0)","decl":{"start":{"line":1,"column":20},"end":{"line":1,"column":21}},"loc":{"start":{"line":1,"column":26},"end":{"line":1,"column":52}},"line":1},"1":{"name":"(anonymous_1)","decl":{"start":{"line":2,"column":19},"end":{"line":2,"column":20}},"loc":{"start":{"line":2,"column":25},"end":{"line":2,"column":50}},"line":2},"2":{"name":"(anonymous_2)","decl":{"start":{"line":3,"column":18},"end":{"line":3,"column":19}},"loc":{"start":{"line":3,"column":24},"end":{"line":3,"column":48}},"line":3}},"branchMap":{},"s":{"0":1,"1":1,"2":1,"3":0,"4":1,"5":0},"f":{"0":1,"1":0,"2":0},"b":{},"_coverageSchema":"1a1c01bbd47fc00a2c39e90264f33305004495a9","hash":"364c566a04f468a31367cc53cfefb9768deb9e6f"}
,"/Users/ruchita/Documents/Demo/todoListApp/src/Helper/responsiveScreen.js": {"path":"/Users/ruchita/Documents/Demo/todoListApp/src/Helper/responsiveScreen.js","statementMap":{"0":{"start":{"line":3,"column":57},"end":{"line":3,"column":81}},"1":{"start":{"line":5,"column":23},"end":{"line":5,"column":61}},"2":{"start":{"line":6,"column":25},"end":{"line":6,"column":63}},"3":{"start":{"line":8,"column":21},"end":{"line":8,"column":42}},"4":{"start":{"line":9,"column":25},"end":{"line":9,"column":50}},"5":{"start":{"line":10,"column":19},"end":{"line":10,"column":37}},"6":{"start":{"line":13,"column":16},"end":{"line":13,"column":40}},"7":{"start":{"line":14,"column":2},"end":{"line":19,"column":4}},"8":{"start":{"line":23,"column":16},"end":{"line":23,"column":50}},"9":{"start":{"line":24,"column":2},"end":{"line":24,"column":27}},"10":{"start":{"line":28,"column":16},"end":{"line":28,"column":51}},"11":{"start":{"line":29,"column":2},"end":{"line":29,"column":27}},"12":{"start":{"line":34,"column":14},"end":{"line":34,"column":33}},"13":{"start":{"line":37,"column":18},"end":{"line":37,"column":30}},"14":{"start":{"line":38,"column":2},"end":{"line":52,"column":3}},"15":{"start":{"line":39,"column":4},"end":{"line":44,"column":5}},"16":{"start":{"line":40,"column":6},"end":{"line":40,"column":40}},"17":{"start":{"line":43,"column":6},"end":{"line":43,"column":32}},"18":{"start":{"line":46,"column":4},"end":{"line":51,"column":5}},"19":{"start":{"line":47,"column":6},"end":{"line":47,"column":40}},"20":{"start":{"line":50,"column":6},"end":{"line":50,"column":32}}},"fnMap":{"0":{"name":"isIphoneXorAbove","decl":{"start":{"line":12,"column":16},"end":{"line":12,"column":32}},"loc":{"start":{"line":12,"column":35},"end":{"line":20,"column":1}},"line":12},"1":{"name":"wp","decl":{"start":{"line":22,"column":16},"end":{"line":22,"column":18}},"loc":{"start":{"line":22,"column":31},"end":{"line":25,"column":1}},"line":22},"2":{"name":"hp","decl":{"start":{"line":27,"column":16},"end":{"line":27,"column":18}},"loc":{"start":{"line":27,"column":31},"end":{"line":30,"column":1}},"line":27},"3":{"name":"normalize","decl":{"start":{"line":36,"column":16},"end":{"line":36,"column":25}},"loc":{"start":{"line":36,"column":32},"end":{"line":53,"column":1}},"line":36}},"branchMap":{"0":{"loc":{"start":{"line":15,"column":4},"end":{"line":18,"column":100}},"type":"binary-expr","locations":[{"start":{"line":15,"column":4},"end":{"line":15,"column":25}},{"start":{"line":16,"column":4},"end":{"line":16,"column":19}},{"start":{"line":17,"column":4},"end":{"line":17,"column":20}},{"start":{"line":18,"column":6},"end":{"line":18,"column":26}},{"start":{"line":18,"column":30},"end":{"line":18,"column":49}},{"start":{"line":18,"column":55},"end":{"line":18,"column":75}},{"start":{"line":18,"column":79},"end":{"line":18,"column":98}}],"line":15},"1":{"loc":{"start":{"line":38,"column":2},"end":{"line":52,"column":3}},"type":"if","locations":[{"start":{"line":38,"column":2},"end":{"line":52,"column":3}},{"start":{"line":45,"column":9},"end":{"line":52,"column":3}}],"line":38},"2":{"loc":{"start":{"line":39,"column":4},"end":{"line":44,"column":5}},"type":"if","locations":[{"start":{"line":39,"column":4},"end":{"line":44,"column":5}},{"start":{"line":42,"column":9},"end":{"line":44,"column":5}}],"line":39},"3":{"loc":{"start":{"line":46,"column":4},"end":{"line":51,"column":5}},"type":"if","locations":[{"start":{"line":46,"column":4},"end":{"line":51,"column":5}},{"start":{"line":49,"column":9},"end":{"line":51,"column":5}}],"line":46}},"s":{"0":1,"1":1,"2":1,"3":1,"4":1,"5":1,"6":1,"7":1,"8":7,"9":7,"10":8,"11":8,"12":1,"13":0,"14":0,"15":0,"16":0,"17":0,"18":0,"19":0,"20":0},"f":{"0":1,"1":7,"2":8,"3":0},"b":{"0":[1,1,1,1,1,1,1],"1":[0,0],"2":[0,0],"3":[0,0]},"_coverageSchema":"1a1c01bbd47fc00a2c39e90264f33305004495a9","hash":"95872c12d5b62822a97998311f89e06d29de3067"}
,"/Users/ruchita/Documents/Demo/todoListApp/src/Navigation/routes.js": {"path":"/Users/ruchita/Documents/Demo/todoListApp/src/Navigation/routes.js","statementMap":{"0":{"start":{"line":8,"column":14},"end":{"line":8,"column":36}},"1":{"start":{"line":11,"column":4},"end":{"line":17,"column":6}},"2":{"start":{"line":21,"column":4},"end":{"line":27,"column":5}}},"fnMap":{"0":{"name":"HomeStackNavigator","decl":{"start":{"line":10,"column":9},"end":{"line":10,"column":27}},"loc":{"start":{"line":10,"column":30},"end":{"line":18,"column":1}},"line":10},"1":{"name":"Routes","decl":{"start":{"line":20,"column":9},"end":{"line":20,"column":15}},"loc":{"start":{"line":20,"column":18},"end":{"line":28,"column":1}},"line":20}},"branchMap":{},"s":{"0":1,"1":2,"2":2},"f":{"0":2,"1":2},"b":{},"_coverageSchema":"1a1c01bbd47fc00a2c39e90264f33305004495a9","hash":"0eac1c5094ac0fc27024f18d6858d910b0fd2b67"}
,"/Users/ruchita/Documents/Demo/todoListApp/src/Screens/AddTask/index.js": {"path":"/Users/ruchita/Documents/Demo/todoListApp/src/Screens/AddTask/index.js","statementMap":{"0":{"start":{"line":13,"column":22},"end":{"line":135,"column":1}},"1":{"start":{"line":15,"column":34},"end":{"line":15,"column":46}},"2":{"start":{"line":16,"column":42},"end":{"line":16,"column":54}},"3":{"start":{"line":17,"column":38},"end":{"line":17,"column":50}},"4":{"start":{"line":18,"column":36},"end":{"line":18,"column":48}},"5":{"start":{"line":21,"column":8},"end":{"line":21,"column":28}},"6":{"start":{"line":24,"column":4},"end":{"line":39,"column":21}},"7":{"start":{"line":25,"column":8},"end":{"line":38,"column":11}},"8":{"start":{"line":28,"column":16},"end":{"line":32,"column":17}},"9":{"start":{"line":29,"column":53},"end":{"line":29,"column":64}},"10":{"start":{"line":41,"column":24},"end":{"line":72,"column":5}},"11":{"start":{"line":43,"column":8},"end":{"line":70,"column":9}},"12":{"start":{"line":45,"column":12},"end":{"line":45,"column":41}},"13":{"start":{"line":47,"column":13},"end":{"line":70,"column":9}},"14":{"start":{"line":49,"column":12},"end":{"line":49,"column":67}},"15":{"start":{"line":51,"column":13},"end":{"line":70,"column":9}},"16":{"start":{"line":53,"column":12},"end":{"line":53,"column":69}},"17":{"start":{"line":57,"column":24},"end":{"line":63,"column":13}},"18":{"start":{"line":65,"column":22},"end":{"line":65,"column":52}},"19":{"start":{"line":66,"column":12},"end":{"line":69,"column":13}},"20":{"start":{"line":67,"column":16},"end":{"line":67,"column":54}},"21":{"start":{"line":68,"column":16},"end":{"line":68,"column":36}},"22":{"start":{"line":74,"column":4},"end":{"line":134,"column":6}},"23":{"start":{"line":81,"column":20},"end":{"line":81,"column":36}},"24":{"start":{"line":93,"column":20},"end":{"line":93,"column":40}},"25":{"start":{"line":105,"column":20},"end":{"line":105,"column":38}},"26":{"start":{"line":117,"column":20},"end":{"line":117,"column":37}},"27":{"start":{"line":130,"column":31},"end":{"line":130,"column":44}},"28":{"start":{"line":137,"column":15},"end":{"line":142,"column":2}},"29":{"start":{"line":144,"column":24},"end":{"line":146,"column":1}},"30":{"start":{"line":145,"column":4},"end":{"line":145,"column":14}}},"fnMap":{"0":{"name":"(anonymous_0)","decl":{"start":{"line":13,"column":22},"end":{"line":13,"column":23}},"loc":{"start":{"line":13,"column":49},"end":{"line":135,"column":1}},"line":13},"1":{"name":"BackClick","decl":{"start":{"line":20,"column":13},"end":{"line":20,"column":22}},"loc":{"start":{"line":20,"column":25},"end":{"line":22,"column":5}},"line":20},"2":{"name":"(anonymous_2)","decl":{"start":{"line":24,"column":26},"end":{"line":24,"column":27}},"loc":{"start":{"line":24,"column":32},"end":{"line":39,"column":5}},"line":24},"3":{"name":"(anonymous_3)","decl":{"start":{"line":27,"column":24},"end":{"line":27,"column":25}},"loc":{"start":{"line":27,"column":30},"end":{"line":33,"column":13}},"line":27},"4":{"name":"(anonymous_4)","decl":{"start":{"line":29,"column":47},"end":{"line":29,"column":48}},"loc":{"start":{"line":29,"column":53},"end":{"line":29,"column":64}},"line":29},"5":{"name":"(anonymous_5)","decl":{"start":{"line":41,"column":24},"end":{"line":41,"column":25}},"loc":{"start":{"line":41,"column":36},"end":{"line":72,"column":5}},"line":41},"6":{"name":"(anonymous_6)","decl":{"start":{"line":80,"column":30},"end":{"line":80,"column":31}},"loc":{"start":{"line":80,"column":38},"end":{"line":82,"column":17}},"line":80},"7":{"name":"(anonymous_7)","decl":{"start":{"line":92,"column":30},"end":{"line":92,"column":31}},"loc":{"start":{"line":92,"column":38},"end":{"line":94,"column":17}},"line":92},"8":{"name":"(anonymous_8)","decl":{"start":{"line":104,"column":30},"end":{"line":104,"column":31}},"loc":{"start":{"line":104,"column":38},"end":{"line":106,"column":17}},"line":104},"9":{"name":"(anonymous_9)","decl":{"start":{"line":116,"column":30},"end":{"line":116,"column":31}},"loc":{"start":{"line":116,"column":38},"end":{"line":118,"column":17}},"line":116},"10":{"name":"(anonymous_10)","decl":{"start":{"line":130,"column":25},"end":{"line":130,"column":26}},"loc":{"start":{"line":130,"column":31},"end":{"line":130,"column":44}},"line":130},"11":{"name":"(anonymous_11)","decl":{"start":{"line":144,"column":24},"end":{"line":144,"column":25}},"loc":{"start":{"line":144,"column":35},"end":{"line":146,"column":1}},"line":144}},"branchMap":{"0":{"loc":{"start":{"line":43,"column":8},"end":{"line":70,"column":9}},"type":"if","locations":[{"start":{"line":43,"column":8},"end":{"line":70,"column":9}},{"start":{"line":47,"column":13},"end":{"line":70,"column":9}}],"line":43},"1":{"loc":{"start":{"line":47,"column":13},"end":{"line":70,"column":9}},"type":"if","locations":[{"start":{"line":47,"column":13},"end":{"line":70,"column":9}},{"start":{"line":51,"column":13},"end":{"line":70,"column":9}}],"line":47},"2":{"loc":{"start":{"line":51,"column":13},"end":{"line":70,"column":9}},"type":"if","locations":[{"start":{"line":51,"column":13},"end":{"line":70,"column":9}},{"start":{"line":56,"column":8},"end":{"line":70,"column":9}}],"line":51},"3":{"loc":{"start":{"line":51,"column":35},"end":{"line":51,"column":59}},"type":"binary-expr","locations":[{"start":{"line":51,"column":35},"end":{"line":51,"column":38}},{"start":{"line":51,"column":42},"end":{"line":51,"column":45}},{"start":{"line":51,"column":49},"end":{"line":51,"column":52}},{"start":{"line":51,"column":56},"end":{"line":51,"column":59}}],"line":51},"4":{"loc":{"start":{"line":66,"column":12},"end":{"line":69,"column":13}},"type":"if","locations":[{"start":{"line":66,"column":12},"end":{"line":69,"column":13}},{"start":{},"end":{}}],"line":66},"5":{"loc":{"start":{"line":67,"column":16},"end":{"line":67,"column":53}},"type":"binary-expr","locations":[{"start":{"line":67,"column":16},"end":{"line":67,"column":28}},{"start":{"line":67,"column":32},"end":{"line":67,"column":53}}],"line":67}},"s":{"0":1,"1":0,"2":0,"3":0,"4":0,"5":0,"6":0,"7":0,"8":0,"9":0,"10":0,"11":0,"12":0,"13":0,"14":0,"15":0,"16":0,"17":0,"18":0,"19":0,"20":0,"21":0,"22":0,"23":0,"24":0,"25":0,"26":0,"27":0,"28":1,"29":1,"30":0},"f":{"0":0,"1":0,"2":0,"3":0,"4":0,"5":0,"6":0,"7":0,"8":0,"9":0,"10":0,"11":0},"b":{"0":[0,0],"1":[0,0],"2":[0,0],"3":[0,0,0,0],"4":[0,0],"5":[0,0]},"_coverageSchema":"1a1c01bbd47fc00a2c39e90264f33305004495a9","hash":"df6dabdd58a979d7a1e4033509b5272f555db666"}
,"/Users/ruchita/Documents/Demo/todoListApp/src/Screens/Home/index.js": {"path":"/Users/ruchita/Documents/Demo/todoListApp/src/Screens/Home/index.js","statementMap":{"0":{"start":{"line":13,"column":19},"end":{"line":83,"column":1}},"1":{"start":{"line":15,"column":36},"end":{"line":15,"column":41}},"2":{"start":{"line":17,"column":4},"end":{"line":19,"column":21}},"3":{"start":{"line":18,"column":8},"end":{"line":18,"column":22}},"4":{"start":{"line":22,"column":4},"end":{"line":37,"column":23}},"5":{"start":{"line":23,"column":8},"end":{"line":36,"column":11}},"6":{"start":{"line":26,"column":16},"end":{"line":30,"column":17}},"7":{"start":{"line":27,"column":53},"end":{"line":27,"column":67}},"8":{"start":{"line":40,"column":24},"end":{"line":44,"column":5}},"9":{"start":{"line":41,"column":8},"end":{"line":41,"column":28}},"10":{"start":{"line":42,"column":8},"end":{"line":42,"column":40}},"11":{"start":{"line":43,"column":8},"end":{"line":43,"column":27}},"12":{"start":{"line":47,"column":25},"end":{"line":49,"column":5}},"13":{"start":{"line":48,"column":8},"end":{"line":48,"column":68}},"14":{"start":{"line":48,"column":53},"end":{"line":48,"column":66}},"15":{"start":{"line":52,"column":23},"end":{"line":54,"column":5}},"16":{"start":{"line":53,"column":8},"end":{"line":53,"column":48}},"17":{"start":{"line":57,"column":25},"end":{"line":59,"column":5}},"18":{"start":{"line":58,"column":9},"end":{"line":58,"column":38}},"19":{"start":{"line":61,"column":4},"end":{"line":82,"column":6}},"20":{"start":{"line":73,"column":46},"end":{"line":73,"column":56}},"21":{"start":{"line":75,"column":14},"end":{"line":76,"column":114}},"22":{"start":{"line":76,"column":57},"end":{"line":76,"column":69}},"23":{"start":{"line":76,"column":91},"end":{"line":76,"column":109}},"24":{"start":{"line":85,"column":15},"end":{"line":91,"column":2}},"25":{"start":{"line":95,"column":24},"end":{"line":100,"column":1}},"26":{"start":{"line":97,"column":4},"end":{"line":99,"column":6}}},"fnMap":{"0":{"name":"(anonymous_0)","decl":{"start":{"line":13,"column":19},"end":{"line":13,"column":20}},"loc":{"start":{"line":13,"column":30},"end":{"line":83,"column":1}},"line":13},"1":{"name":"(anonymous_1)","decl":{"start":{"line":17,"column":20},"end":{"line":17,"column":21}},"loc":{"start":{"line":17,"column":26},"end":{"line":19,"column":5}},"line":17},"2":{"name":"(anonymous_2)","decl":{"start":{"line":22,"column":26},"end":{"line":22,"column":27}},"loc":{"start":{"line":22,"column":32},"end":{"line":37,"column":7}},"line":22},"3":{"name":"(anonymous_3)","decl":{"start":{"line":25,"column":25},"end":{"line":25,"column":26}},"loc":{"start":{"line":25,"column":31},"end":{"line":31,"column":13}},"line":25},"4":{"name":"(anonymous_4)","decl":{"start":{"line":27,"column":47},"end":{"line":27,"column":48}},"loc":{"start":{"line":27,"column":53},"end":{"line":27,"column":67}},"line":27},"5":{"name":"(anonymous_5)","decl":{"start":{"line":40,"column":24},"end":{"line":40,"column":25}},"loc":{"start":{"line":40,"column":35},"end":{"line":44,"column":5}},"line":40},"6":{"name":"(anonymous_6)","decl":{"start":{"line":47,"column":25},"end":{"line":47,"column":26}},"loc":{"start":{"line":47,"column":31},"end":{"line":49,"column":5}},"line":47},"7":{"name":"(anonymous_7)","decl":{"start":{"line":48,"column":47},"end":{"line":48,"column":48}},"loc":{"start":{"line":48,"column":53},"end":{"line":48,"column":66}},"line":48},"8":{"name":"(anonymous_8)","decl":{"start":{"line":52,"column":23},"end":{"line":52,"column":24}},"loc":{"start":{"line":52,"column":29},"end":{"line":54,"column":5}},"line":52},"9":{"name":"(anonymous_9)","decl":{"start":{"line":57,"column":25},"end":{"line":57,"column":26}},"loc":{"start":{"line":57,"column":41},"end":{"line":59,"column":5}},"line":57},"10":{"name":"(anonymous_10)","decl":{"start":{"line":73,"column":28},"end":{"line":73,"column":29}},"loc":{"start":{"line":73,"column":46},"end":{"line":73,"column":56}},"line":73},"11":{"name":"(anonymous_11)","decl":{"start":{"line":74,"column":26},"end":{"line":74,"column":27}},"loc":{"start":{"line":74,"column":47},"end":{"line":76,"column":115}},"line":74},"12":{"name":"(anonymous_12)","decl":{"start":{"line":76,"column":51},"end":{"line":76,"column":52}},"loc":{"start":{"line":76,"column":57},"end":{"line":76,"column":69}},"line":76},"13":{"name":"(anonymous_13)","decl":{"start":{"line":76,"column":85},"end":{"line":76,"column":86}},"loc":{"start":{"line":76,"column":91},"end":{"line":76,"column":109}},"line":76},"14":{"name":"(anonymous_14)","decl":{"start":{"line":95,"column":24},"end":{"line":95,"column":25}},"loc":{"start":{"line":95,"column":35},"end":{"line":100,"column":1}},"line":95}},"branchMap":{"0":{"loc":{"start":{"line":64,"column":14},"end":{"line":78,"column":16}},"type":"cond-expr","locations":[{"start":{"line":65,"column":14},"end":{"line":65,"column":70}},{"start":{"line":69,"column":14},"end":{"line":78,"column":16}}],"line":64}},"s":{"0":1,"1":1,"2":1,"3":1,"4":1,"5":1,"6":0,"7":0,"8":1,"9":1,"10":1,"11":0,"12":1,"13":0,"14":0,"15":1,"16":0,"17":1,"18":0,"19":1,"20":0,"21":0,"22":0,"23":0,"24":1,"25":1,"26":1},"f":{"0":1,"1":1,"2":1,"3":0,"4":0,"5":1,"6":0,"7":0,"8":0,"9":0,"10":0,"11":0,"12":0,"13":0,"14":1},"b":{"0":[1,0]},"_coverageSchema":"1a1c01bbd47fc00a2c39e90264f33305004495a9","hash":"18ba2650d96b147801ab6eb256144f4c692076fd"}
,"/Users/ruchita/Documents/Demo/todoListApp/src/Screens/TaskDetail/index.js": {"path":"/Users/ruchita/Documents/Demo/todoListApp/src/Screens/TaskDetail/index.js","statementMap":{"0":{"start":{"line":12,"column":25},"end":{"line":56,"column":1}},"1":{"start":{"line":14,"column":13},"end":{"line":14,"column":30}},"2":{"start":{"line":17,"column":8},"end":{"line":17,"column":28}},"3":{"start":{"line":20,"column":4},"end":{"line":26,"column":21}},"4":{"start":{"line":21,"column":28},"end":{"line":23,"column":10}},"5":{"start":{"line":25,"column":8},"end":{"line":25,"column":27}},"6":{"start":{"line":29,"column":4},"end":{"line":44,"column":23}},"7":{"start":{"line":30,"column":8},"end":{"line":43,"column":11}},"8":{"start":{"line":33,"column":16},"end":{"line":37,"column":17}},"9":{"start":{"line":34,"column":53},"end":{"line":34,"column":64}},"10":{"start":{"line":47,"column":4},"end":{"line":55,"column":6}},"11":{"start":{"line":58,"column":15},"end":{"line":67,"column":2}},"12":{"start":{"line":71,"column":24},"end":{"line":74,"column":1}},"13":{"start":{"line":73,"column":4},"end":{"line":73,"column":15}}},"fnMap":{"0":{"name":"(anonymous_0)","decl":{"start":{"line":12,"column":25},"end":{"line":12,"column":26}},"loc":{"start":{"line":12,"column":53},"end":{"line":56,"column":1}},"line":12},"1":{"name":"BackClick","decl":{"start":{"line":16,"column":13},"end":{"line":16,"column":22}},"loc":{"start":{"line":16,"column":25},"end":{"line":18,"column":5}},"line":16},"2":{"name":"(anonymous_2)","decl":{"start":{"line":20,"column":20},"end":{"line":20,"column":21}},"loc":{"start":{"line":20,"column":26},"end":{"line":26,"column":5}},"line":20},"3":{"name":"(anonymous_3)","decl":{"start":{"line":21,"column":60},"end":{"line":21,"column":61}},"loc":{"start":{"line":21,"column":66},"end":{"line":23,"column":9}},"line":21},"4":{"name":"(anonymous_4)","decl":{"start":{"line":29,"column":26},"end":{"line":29,"column":27}},"loc":{"start":{"line":29,"column":32},"end":{"line":44,"column":7}},"line":29},"5":{"name":"(anonymous_5)","decl":{"start":{"line":32,"column":24},"end":{"line":32,"column":25}},"loc":{"start":{"line":32,"column":30},"end":{"line":38,"column":13}},"line":32},"6":{"name":"(anonymous_6)","decl":{"start":{"line":34,"column":47},"end":{"line":34,"column":48}},"loc":{"start":{"line":34,"column":53},"end":{"line":34,"column":64}},"line":34},"7":{"name":"(anonymous_7)","decl":{"start":{"line":71,"column":24},"end":{"line":71,"column":25}},"loc":{"start":{"line":71,"column":35},"end":{"line":74,"column":1}},"line":71}},"branchMap":{},"s":{"0":1,"1":0,"2":0,"3":0,"4":0,"5":0,"6":0,"7":0,"8":0,"9":0,"10":0,"11":1,"12":1,"13":0},"f":{"0":0,"1":0,"2":0,"3":0,"4":0,"5":0,"6":0,"7":0},"b":{},"_coverageSchema":"1a1c01bbd47fc00a2c39e90264f33305004495a9","hash":"516c2692e50832c8879163aeee49463b7bd29dec"}
,"/Users/ruchita/Documents/Demo/todoListApp/src/Utils/colors.js": {"path":"/Users/ruchita/Documents/Demo/todoListApp/src/Utils/colors.js","statementMap":{"0":{"start":{"line":3,"column":22},"end":{"line":13,"column":1}}},"fnMap":{},"branchMap":{},"s":{"0":1},"f":{},"b":{},"_coverageSchema":"1a1c01bbd47fc00a2c39e90264f33305004495a9","hash":"5602d69ee5363c173ce6b60e0884bf06a8b80394"}
,"/Users/ruchita/Documents/Demo/todoListApp/src/Utils/commonStyle.js": {"path":"/Users/ruchita/Documents/Demo/todoListApp/src/Utils/commonStyle.js","statementMap":{"0":{"start":{"line":6,"column":28},"end":{"line":17,"column":2}}},"fnMap":{},"branchMap":{"0":{"loc":{"start":{"line":12,"column":25},"end":{"line":12,"column":52}},"type":"cond-expr","locations":[{"start":{"line":12,"column":37},"end":{"line":12,"column":42}},{"start":{"line":12,"column":45},"end":{"line":12,"column":52}}],"line":12}},"s":{"0":1},"f":{},"b":{"0":[0,1]},"_coverageSchema":"1a1c01bbd47fc00a2c39e90264f33305004495a9","hash":"740b2149c5817a158b9c359d7b4147722692ff55"}
,"/Users/ruchita/Documents/Demo/todoListApp/src/constants/urls.js": {"path":"/Users/ruchita/Documents/Demo/todoListApp/src/constants/urls.js","statementMap":{"0":{"start":{"line":1,"column":15},"end":{"line":1,"column":17}},"1":{"start":{"line":4,"column":2},"end":{"line":4,"column":47}},"2":{"start":{"line":6,"column":20},"end":{"line":10,"column":1}}},"fnMap":{},"branchMap":{},"s":{"0":1,"1":1,"2":1},"f":{},"b":{},"_coverageSchema":"1a1c01bbd47fc00a2c39e90264f33305004495a9","hash":"6e88e8660ac88c55d96c169db092d1e977025238"}
,"/Users/ruchita/Documents/Demo/todoListApp/src/models/TaskModel.ts": {"path":"/Users/ruchita/Documents/Demo/todoListApp/src/models/TaskModel.ts","statementMap":{"0":{"start":{"line":8,"column":20},"end":{"line":8,"column":31}}},"fnMap":{},"branchMap":{},"s":{"0":1},"f":{},"b":{},"_coverageSchema":"1a1c01bbd47fc00a2c39e90264f33305004495a9","hash":"d3c7a7eccb2f37be9a7906ac50522dacb9a0bfee"}
,"/Users/ruchita/Documents/Demo/todoListApp/src/models/index.js": {"path":"/Users/ruchita/Documents/Demo/todoListApp/src/models/index.js","statementMap":{"0":{"start":{"line":5,"column":34},"end":{"line":15,"column":1}},"1":{"start":{"line":8,"column":2},"end":{"line":11,"column":13}}},"fnMap":{"0":{"name":"(anonymous_0)","decl":{"start":{"line":5,"column":34},"end":{"line":5,"column":35}},"loc":{"start":{"line":5,"column":40},"end":{"line":15,"column":1}},"line":5}},"branchMap":{},"s":{"0":1,"1":1},"f":{"0":1},"b":{},"_coverageSchema":"1a1c01bbd47fc00a2c39e90264f33305004495a9","hash":"8a76fe9eefd4590a1120405ecec4765576072908"}
,"/Users/ruchita/Documents/Demo/todoListApp/src/reduxStore/index.js": {"path":"/Users/ruchita/Documents/Demo/todoListApp/src/reduxStore/index.js","statementMap":{},"fnMap":{},"branchMap":{},"s":{},"f":{},"b":{},"_coverageSchema":"1a1c01bbd47fc00a2c39e90264f33305004495a9","hash":"5ac6def3a74a7b05e789c0270edfc6d6581c12fa"}
,"/Users/ruchita/Documents/Demo/todoListApp/src/reduxStore/actions/actionConstant.js": {"path":"/Users/ruchita/Documents/Demo/todoListApp/src/reduxStore/actions/actionConstant.js","statementMap":{"0":{"start":{"line":2,"column":29},"end":{"line":2,"column":44}},"1":{"start":{"line":3,"column":31},"end":{"line":3,"column":48}},"2":{"start":{"line":4,"column":31},"end":{"line":4,"column":48}},"3":{"start":{"line":6,"column":35},"end":{"line":6,"column":56}},"4":{"start":{"line":7,"column":42},"end":{"line":7,"column":71}},"5":{"start":{"line":8,"column":42},"end":{"line":8,"column":70}}},"fnMap":{},"branchMap":{},"s":{"0":1,"1":1,"2":1,"3":1,"4":1,"5":1},"f":{},"b":{},"_coverageSchema":"1a1c01bbd47fc00a2c39e90264f33305004495a9","hash":"c50962666b59b70e3869b73022372630ef4769f8"}
,"/Users/ruchita/Documents/Demo/todoListApp/src/reduxStore/actions/modelActions.js": {"path":"/Users/ruchita/Documents/Demo/todoListApp/src/reduxStore/actions/modelActions.js","statementMap":{"0":{"start":{"line":12,"column":4},"end":{"line":14,"column":5}},"1":{"start":{"line":13,"column":6},"end":{"line":13,"column":36}},"2":{"start":{"line":15,"column":4},"end":{"line":15,"column":34}},"3":{"start":{"line":19,"column":4},"end":{"line":23,"column":7}},"4":{"start":{"line":27,"column":4},"end":{"line":30,"column":7}},"5":{"start":{"line":34,"column":4},"end":{"line":38,"column":7}},"6":{"start":{"line":42,"column":4},"end":{"line":46,"column":7}},"7":{"start":{"line":50,"column":4},"end":{"line":54,"column":7}},"8":{"start":{"line":58,"column":4},"end":{"line":62,"column":7}}},"fnMap":{"0":{"name":"dispatch","decl":{"start":{"line":11,"column":18},"end":{"line":11,"column":26}},"loc":{"start":{"line":11,"column":35},"end":{"line":16,"column":3}},"line":11},"1":{"name":"saveInstance","decl":{"start":{"line":18,"column":18},"end":{"line":18,"column":30}},"loc":{"start":{"line":18,"column":46},"end":{"line":24,"column":3}},"line":18},"2":{"name":"removeInstance","decl":{"start":{"line":26,"column":18},"end":{"line":26,"column":32}},"loc":{"start":{"line":26,"column":38},"end":{"line":31,"column":3}},"line":26},"3":{"name":"updateInstance","decl":{"start":{"line":33,"column":18},"end":{"line":33,"column":32}},"loc":{"start":{"line":33,"column":48},"end":{"line":39,"column":3}},"line":33},"4":{"name":"saveInstanceArray","decl":{"start":{"line":41,"column":18},"end":{"line":41,"column":35}},"loc":{"start":{"line":41,"column":58},"end":{"line":47,"column":3}},"line":41},"5":{"name":"updateInstanceArray","decl":{"start":{"line":49,"column":18},"end":{"line":49,"column":37}},"loc":{"start":{"line":49,"column":60},"end":{"line":55,"column":3}},"line":49},"6":{"name":"removeInstanceArray","decl":{"start":{"line":57,"column":18},"end":{"line":57,"column":37}},"loc":{"start":{"line":57,"column":60},"end":{"line":63,"column":3}},"line":57}},"branchMap":{"0":{"loc":{"start":{"line":12,"column":4},"end":{"line":14,"column":5}},"type":"if","locations":[{"start":{"line":12,"column":4},"end":{"line":14,"column":5}},{"start":{},"end":{}}],"line":12}},"s":{"0":1,"1":1,"2":0,"3":1,"4":0,"5":0,"6":0,"7":0,"8":0},"f":{"0":1,"1":1,"2":0,"3":0,"4":0,"5":0,"6":0},"b":{"0":[1,0]},"_coverageSchema":"1a1c01bbd47fc00a2c39e90264f33305004495a9","hash":"1d23490b4f75229df47e584804c295b9e822742b"}
,"/Users/ruchita/Documents/Demo/todoListApp/src/reduxStore/baseModel/BaseModel.ts": {"path":"/Users/ruchita/Documents/Demo/todoListApp/src/reduxStore/baseModel/BaseModel.ts","statementMap":{"0":{"start":{"line":24,"column":6},"end":{"line":24,"column":51}},"1":{"start":{"line":25,"column":6},"end":{"line":25,"column":25}},"2":{"start":{"line":35,"column":6},"end":{"line":35,"column":54}},"3":{"start":{"line":44,"column":6},"end":{"line":44,"column":60}},"4":{"start":{"line":45,"column":6},"end":{"line":45,"column":18}},"5":{"start":{"line":55,"column":6},"end":{"line":58,"column":8}},"6":{"start":{"line":59,"column":6},"end":{"line":59,"column":18}},"7":{"start":{"line":70,"column":6},"end":{"line":74,"column":7}},"8":{"start":{"line":71,"column":8},"end":{"line":73,"column":9}},"9":{"start":{"line":72,"column":10},"end":{"line":72,"column":22}},"10":{"start":{"line":75,"column":6},"end":{"line":77,"column":9}},"11":{"start":{"line":76,"column":8},"end":{"line":76,"column":81}},"12":{"start":{"line":86,"column":6},"end":{"line":86,"column":43}},"13":{"start":{"line":98,"column":23},"end":{"line":98,"column":35}},"14":{"start":{"line":99,"column":6},"end":{"line":101,"column":7}},"15":{"start":{"line":100,"column":8},"end":{"line":100,"column":15}},"16":{"start":{"line":102,"column":29},"end":{"line":102,"column":52}},"17":{"start":{"line":103,"column":6},"end":{"line":103,"column":81}},"18":{"start":{"line":114,"column":6},"end":{"line":118,"column":19}},"19":{"start":{"line":116,"column":10},"end":{"line":116,"column":53}},"20":{"start":{"line":128,"column":6},"end":{"line":128,"column":79}},"21":{"start":{"line":128,"column":39},"end":{"line":128,"column":77}},"22":{"start":{"line":140,"column":24},"end":{"line":140,"column":35}},"23":{"start":{"line":141,"column":29},"end":{"line":143,"column":8}},"24":{"start":{"line":142,"column":8},"end":{"line":142,"column":51}},"25":{"start":{"line":144,"column":6},"end":{"line":144,"column":66}},"26":{"start":{"line":148,"column":6},"end":{"line":150,"column":7}},"27":{"start":{"line":149,"column":8},"end":{"line":149,"column":20}},"28":{"start":{"line":151,"column":6},"end":{"line":151,"column":19}},"29":{"start":{"line":159,"column":24},"end":{"line":159,"column":60}},"30":{"start":{"line":160,"column":6},"end":{"line":160,"column":49}},"31":{"start":{"line":164,"column":23},"end":{"line":164,"column":35}},"32":{"start":{"line":165,"column":6},"end":{"line":167,"column":7}},"33":{"start":{"line":166,"column":8},"end":{"line":166,"column":15}},"34":{"start":{"line":168,"column":29},"end":{"line":168,"column":52}},"35":{"start":{"line":169,"column":6},"end":{"line":169,"column":81}},"36":{"start":{"line":173,"column":16},"end":{"line":177,"column":15}},"37":{"start":{"line":175,"column":10},"end":{"line":175,"column":60}},"38":{"start":{"line":178,"column":6},"end":{"line":178,"column":78}},"39":{"start":{"line":182,"column":6},"end":{"line":182,"column":57}},"40":{"start":{"line":183,"column":6},"end":{"line":183,"column":18}},"41":{"start":{"line":187,"column":6},"end":{"line":187,"column":57}},"42":{"start":{"line":188,"column":6},"end":{"line":188,"column":18}},"43":{"start":{"line":193,"column":4},"end":{"line":200,"column":5}},"44":{"start":{"line":194,"column":6},"end":{"line":199,"column":7}},"45":{"start":{"line":195,"column":25},"end":{"line":195,"column":36}},"46":{"start":{"line":196,"column":8},"end":{"line":198,"column":9}},"47":{"start":{"line":197,"column":10},"end":{"line":197,"column":23}},"48":{"start":{"line":201,"column":4},"end":{"line":201,"column":16}},"49":{"start":{"line":204,"column":31},"end":{"line":209,"column":3}},"50":{"start":{"line":205,"column":4},"end":{"line":208,"column":11}},"51":{"start":{"line":206,"column":6},"end":{"line":206,"column":50}},"52":{"start":{"line":207,"column":6},"end":{"line":207,"column":17}}},"fnMap":{"0":{"name":"(anonymous_0)","decl":{"start":{"line":23,"column":4},"end":{"line":23,"column":5}},"loc":{"start":{"line":23,"column":59},"end":{"line":26,"column":5}},"line":23},"1":{"name":"(anonymous_1)","decl":{"start":{"line":34,"column":4},"end":{"line":34,"column":5}},"loc":{"start":{"line":34,"column":34},"end":{"line":36,"column":5}},"line":34},"2":{"name":"(anonymous_2)","decl":{"start":{"line":43,"column":4},"end":{"line":43,"column":5}},"loc":{"start":{"line":43,"column":26},"end":{"line":46,"column":5}},"line":43},"3":{"name":"(anonymous_3)","decl":{"start":{"line":54,"column":4},"end":{"line":54,"column":5}},"loc":{"start":{"line":54,"column":43},"end":{"line":60,"column":5}},"line":54},"4":{"name":"(anonymous_4)","decl":{"start":{"line":69,"column":4},"end":{"line":69,"column":5}},"loc":{"start":{"line":69,"column":66},"end":{"line":78,"column":5}},"line":69},"5":{"name":"(anonymous_5)","decl":{"start":{"line":75,"column":20},"end":{"line":75,"column":21}},"loc":{"start":{"line":75,"column":32},"end":{"line":77,"column":7}},"line":75},"6":{"name":"(anonymous_6)","decl":{"start":{"line":85,"column":4},"end":{"line":85,"column":5}},"loc":{"start":{"line":85,"column":30},"end":{"line":87,"column":5}},"line":85},"7":{"name":"(anonymous_7)","decl":{"start":{"line":97,"column":4},"end":{"line":97,"column":5}},"loc":{"start":{"line":97,"column":53},"end":{"line":104,"column":5}},"line":97},"8":{"name":"(anonymous_8)","decl":{"start":{"line":113,"column":4},"end":{"line":113,"column":5}},"loc":{"start":{"line":113,"column":42},"end":{"line":119,"column":5}},"line":113},"9":{"name":"(anonymous_9)","decl":{"start":{"line":115,"column":16},"end":{"line":115,"column":17}},"loc":{"start":{"line":115,"column":35},"end":{"line":117,"column":9}},"line":115},"10":{"name":"(anonymous_10)","decl":{"start":{"line":127,"column":4},"end":{"line":127,"column":5}},"loc":{"start":{"line":127,"column":46},"end":{"line":129,"column":5}},"line":127},"11":{"name":"(anonymous_11)","decl":{"start":{"line":128,"column":20},"end":{"line":128,"column":21}},"loc":{"start":{"line":128,"column":39},"end":{"line":128,"column":77}},"line":128},"12":{"name":"(anonymous_12)","decl":{"start":{"line":139,"column":4},"end":{"line":139,"column":5}},"loc":{"start":{"line":139,"column":51},"end":{"line":145,"column":5}},"line":139},"13":{"name":"(anonymous_13)","decl":{"start":{"line":141,"column":46},"end":{"line":141,"column":47}},"loc":{"start":{"line":141,"column":65},"end":{"line":143,"column":7}},"line":141},"14":{"name":"(anonymous_14)","decl":{"start":{"line":147,"column":4},"end":{"line":147,"column":5}},"loc":{"start":{"line":147,"column":32},"end":{"line":152,"column":5}},"line":147},"15":{"name":"(anonymous_15)","decl":{"start":{"line":155,"column":4},"end":{"line":155,"column":5}},"loc":{"start":{"line":158,"column":12},"end":{"line":161,"column":5}},"line":158},"16":{"name":"(anonymous_16)","decl":{"start":{"line":163,"column":4},"end":{"line":163,"column":5}},"loc":{"start":{"line":163,"column":61},"end":{"line":170,"column":5}},"line":163},"17":{"name":"(anonymous_17)","decl":{"start":{"line":172,"column":4},"end":{"line":172,"column":5}},"loc":{"start":{"line":172,"column":51},"end":{"line":179,"column":5}},"line":172},"18":{"name":"(anonymous_18)","decl":{"start":{"line":174,"column":16},"end":{"line":174,"column":17}},"loc":{"start":{"line":174,"column":35},"end":{"line":176,"column":9}},"line":174},"19":{"name":"(anonymous_19)","decl":{"start":{"line":181,"column":4},"end":{"line":181,"column":5}},"loc":{"start":{"line":181,"column":51},"end":{"line":184,"column":5}},"line":181},"20":{"name":"(anonymous_20)","decl":{"start":{"line":186,"column":4},"end":{"line":186,"column":5}},"loc":{"start":{"line":186,"column":51},"end":{"line":189,"column":5}},"line":186},"21":{"name":"validateObject","decl":{"start":{"line":192,"column":11},"end":{"line":192,"column":25}},"loc":{"start":{"line":192,"column":63},"end":{"line":202,"column":3}},"line":192},"22":{"name":"(anonymous_22)","decl":{"start":{"line":204,"column":31},"end":{"line":204,"column":32}},"loc":{"start":{"line":204,"column":54},"end":{"line":209,"column":3}},"line":204},"23":{"name":"(anonymous_23)","decl":{"start":{"line":205,"column":24},"end":{"line":205,"column":25}},"loc":{"start":{"line":205,"column":39},"end":{"line":208,"column":5}},"line":205}},"branchMap":{"0":{"loc":{"start":{"line":35,"column":32},"end":{"line":35,"column":51}},"type":"binary-expr","locations":[{"start":{"line":35,"column":32},"end":{"line":35,"column":34}},{"start":{"line":35,"column":38},"end":{"line":35,"column":51}}],"line":35},"1":{"loc":{"start":{"line":54,"column":12},"end":{"line":54,"column":27}},"type":"default-arg","locations":[{"start":{"line":54,"column":25},"end":{"line":54,"column":27}}],"line":54},"2":{"loc":{"start":{"line":56,"column":11},"end":{"line":56,"column":60}},"type":"cond-expr","locations":[{"start":{"line":56,"column":16},"end":{"line":56,"column":39}},{"start":{"line":56,"column":42},"end":{"line":56,"column":60}}],"line":56},"3":{"loc":{"start":{"line":71,"column":8},"end":{"line":73,"column":9}},"type":"if","locations":[{"start":{"line":71,"column":8},"end":{"line":73,"column":9}},{"start":{},"end":{}}],"line":71},"4":{"loc":{"start":{"line":97,"column":27},"end":{"line":97,"column":51}},"type":"default-arg","locations":[{"start":{"line":97,"column":35},"end":{"line":97,"column":51}}],"line":97},"5":{"loc":{"start":{"line":99,"column":6},"end":{"line":101,"column":7}},"type":"if","locations":[{"start":{"line":99,"column":6},"end":{"line":101,"column":7}},{"start":{},"end":{}}],"line":99},"6":{"loc":{"start":{"line":103,"column":13},"end":{"line":103,"column":80}},"type":"cond-expr","locations":[{"start":{"line":103,"column":33},"end":{"line":103,"column":57}},{"start":{"line":103,"column":60},"end":{"line":103,"column":80}}],"line":103},"7":{"loc":{"start":{"line":113,"column":16},"end":{"line":113,"column":40}},"type":"default-arg","locations":[{"start":{"line":113,"column":24},"end":{"line":113,"column":40}}],"line":113},"8":{"loc":{"start":{"line":127,"column":21},"end":{"line":127,"column":44}},"type":"default-arg","locations":[{"start":{"line":127,"column":33},"end":{"line":127,"column":44}}],"line":127},"9":{"loc":{"start":{"line":144,"column":13},"end":{"line":144,"column":65}},"type":"cond-expr","locations":[{"start":{"line":144,"column":39},"end":{"line":144,"column":58}},{"start":{"line":144,"column":61},"end":{"line":144,"column":65}}],"line":144},"10":{"loc":{"start":{"line":148,"column":6},"end":{"line":150,"column":7}},"type":"if","locations":[{"start":{"line":148,"column":6},"end":{"line":150,"column":7}},{"start":{},"end":{}}],"line":148},"11":{"loc":{"start":{"line":148,"column":10},"end":{"line":148,"column":46}},"type":"binary-expr","locations":[{"start":{"line":148,"column":10},"end":{"line":148,"column":38}},{"start":{"line":148,"column":42},"end":{"line":148,"column":46}}],"line":148},"12":{"loc":{"start":{"line":163,"column":35},"end":{"line":163,"column":59}},"type":"default-arg","locations":[{"start":{"line":163,"column":43},"end":{"line":163,"column":59}}],"line":163},"13":{"loc":{"start":{"line":165,"column":6},"end":{"line":167,"column":7}},"type":"if","locations":[{"start":{"line":165,"column":6},"end":{"line":167,"column":7}},{"start":{},"end":{}}],"line":165},"14":{"loc":{"start":{"line":169,"column":13},"end":{"line":169,"column":80}},"type":"cond-expr","locations":[{"start":{"line":169,"column":33},"end":{"line":169,"column":57}},{"start":{"line":169,"column":60},"end":{"line":169,"column":80}}],"line":169},"15":{"loc":{"start":{"line":172,"column":25},"end":{"line":172,"column":49}},"type":"default-arg","locations":[{"start":{"line":172,"column":33},"end":{"line":172,"column":49}}],"line":172},"16":{"loc":{"start":{"line":178,"column":13},"end":{"line":178,"column":77}},"type":"cond-expr","locations":[{"start":{"line":178,"column":33},"end":{"line":178,"column":35}},{"start":{"line":178,"column":38},"end":{"line":178,"column":77}}],"line":178},"17":{"loc":{"start":{"line":181,"column":20},"end":{"line":181,"column":35}},"type":"default-arg","locations":[{"start":{"line":181,"column":33},"end":{"line":181,"column":35}}],"line":181},"18":{"loc":{"start":{"line":186,"column":20},"end":{"line":186,"column":35}},"type":"default-arg","locations":[{"start":{"line":186,"column":33},"end":{"line":186,"column":35}}],"line":186},"19":{"loc":{"start":{"line":194,"column":6},"end":{"line":199,"column":7}},"type":"if","locations":[{"start":{"line":194,"column":6},"end":{"line":199,"column":7}},{"start":{},"end":{}}],"line":194},"20":{"loc":{"start":{"line":196,"column":8},"end":{"line":198,"column":9}},"type":"if","locations":[{"start":{"line":196,"column":8},"end":{"line":198,"column":9}},{"start":{},"end":{}}],"line":196}},"s":{"0":1,"1":1,"2":1,"3":1,"4":1,"5":0,"6":0,"7":0,"8":0,"9":0,"10":0,"11":0,"12":0,"13":0,"14":0,"15":0,"16":0,"17":0,"18":0,"19":0,"20":0,"21":0,"22":0,"23":0,"24":0,"25":0,"26":0,"27":0,"28":0,"29":0,"30":0,"31":1,"32":1,"33":0,"34":1,"35":1,"36":0,"37":0,"38":0,"39":0,"40":0,"41":0,"42":0,"43":0,"44":0,"45":0,"46":0,"47":0,"48":0,"49":1,"50":0,"51":0,"52":0},"f":{"0":1,"1":1,"2":1,"3":0,"4":0,"5":0,"6":0,"7":0,"8":0,"9":0,"10":0,"11":0,"12":0,"13":0,"14":0,"15":0,"16":1,"17":0,"18":0,"19":0,"20":0,"21":0,"22":0,"23":0},"b":{"0":[1,1],"1":[0],"2":[0,0],"3":[0,0],"4":[0],"5":[0,0],"6":[0,0],"7":[0],"8":[0],"9":[0,0],"10":[0,0],"11":[0,0],"12":[0],"13":[0,1],"14":[1,0],"15":[0],"16":[0,0],"17":[0],"18":[0],"19":[0,0],"20":[0,0]},"_coverageSchema":"1a1c01bbd47fc00a2c39e90264f33305004495a9","hash":"43ed8ecbdac7944896f3b200293edacf7c9ce951"}
,"/Users/ruchita/Documents/Demo/todoListApp/src/reduxStore/reducers/index.js": {"path":"/Users/ruchita/Documents/Demo/todoListApp/src/reduxStore/reducers/index.js","statementMap":{"0":{"start":{"line":4,"column":27},"end":{"line":6,"column":2}}},"fnMap":{},"branchMap":{},"s":{"0":1},"f":{},"b":{},"_coverageSchema":"1a1c01bbd47fc00a2c39e90264f33305004495a9","hash":"234f4e2490fce91bf66f39faafc1551fb313ccb1"}
,"/Users/ruchita/Documents/Demo/todoListApp/src/reduxStore/reducers/modelReducer.js": {"path":"/Users/ruchita/Documents/Demo/todoListApp/src/reduxStore/reducers/modelReducer.js","statementMap":{"0":{"start":{"line":12,"column":2},"end":{"line":58,"column":3}},"1":{"start":{"line":14,"column":6},"end":{"line":14,"column":52}},"2":{"start":{"line":17,"column":6},"end":{"line":17,"column":52}},"3":{"start":{"line":20,"column":6},"end":{"line":20,"column":38}},"4":{"start":{"line":25,"column":23},"end":{"line":25,"column":64}},"5":{"start":{"line":26,"column":6},"end":{"line":34,"column":7}},"6":{"start":{"line":27,"column":8},"end":{"line":33,"column":10}},"7":{"start":{"line":35,"column":6},"end":{"line":41,"column":8}},"8":{"start":{"line":44,"column":6},"end":{"line":47,"column":8}},"9":{"start":{"line":50,"column":6},"end":{"line":54,"column":9}},"10":{"start":{"line":57,"column":6},"end":{"line":57,"column":19}}},"fnMap":{"0":{"name":"modelReducer","decl":{"start":{"line":11,"column":24},"end":{"line":11,"column":36}},"loc":{"start":{"line":11,"column":69},"end":{"line":59,"column":1}},"line":11}},"branchMap":{"0":{"loc":{"start":{"line":11,"column":37},"end":{"line":11,"column":59}},"type":"default-arg","locations":[{"start":{"line":11,"column":45},"end":{"line":11,"column":59}}],"line":11},"1":{"loc":{"start":{"line":12,"column":2},"end":{"line":58,"column":3}},"type":"switch","locations":[{"start":{"line":13,"column":4},"end":{"line":14,"column":52}},{"start":{"line":16,"column":4},"end":{"line":17,"column":52}},{"start":{"line":19,"column":4},"end":{"line":20,"column":38}},{"start":{"line":24,"column":4},"end":{"line":41,"column":8}},{"start":{"line":43,"column":4},"end":{"line":47,"column":8}},{"start":{"line":49,"column":4},"end":{"line":54,"column":9}},{"start":{"line":56,"column":4},"end":{"line":57,"column":19}}],"line":12},"2":{"loc":{"start":{"line":26,"column":6},"end":{"line":34,"column":7}},"type":"if","locations":[{"start":{"line":26,"column":6},"end":{"line":34,"column":7}},{"start":{},"end":{}}],"line":26},"3":{"loc":{"start":{"line":26,"column":10},"end":{"line":26,"column":56}},"type":"binary-expr","locations":[{"start":{"line":26,"column":10},"end":{"line":26,"column":18}},{"start":{"line":26,"column":22},"end":{"line":26,"column":56}}],"line":26}},"s":{"0":4,"1":1,"2":0,"3":0,"4":0,"5":0,"6":0,"7":0,"8":0,"9":0,"10":3},"f":{"0":4},"b":{"0":[3],"1":[1,0,0,0,0,0,3],"2":[0,0],"3":[0,0]},"_coverageSchema":"1a1c01bbd47fc00a2c39e90264f33305004495a9","hash":"ff3240f88cbaf3fa497160486fe665840af2d891"}
,"/Users/ruchita/Documents/Demo/todoListApp/src/reduxStore/store/index.js": {"path":"/Users/ruchita/Documents/Demo/todoListApp/src/reduxStore/store/index.js","statementMap":{"0":{"start":{"line":7,"column":22},"end":{"line":7,"column":38}},"1":{"start":{"line":8,"column":2},"end":{"line":8,"column":21}},"2":{"start":{"line":11,"column":30},"end":{"line":19,"column":1}},"3":{"start":{"line":12,"column":16},"end":{"line":16,"column":3}},"4":{"start":{"line":18,"column":2},"end":{"line":18,"column":15}},"5":{"start":{"line":21,"column":21},"end":{"line":21,"column":37}}},"fnMap":{"0":{"name":"getMiddlewares","decl":{"start":{"line":6,"column":9},"end":{"line":6,"column":23}},"loc":{"start":{"line":6,"column":26},"end":{"line":9,"column":1}},"line":6},"1":{"name":"(anonymous_1)","decl":{"start":{"line":11,"column":30},"end":{"line":11,"column":31}},"loc":{"start":{"line":11,"column":46},"end":{"line":19,"column":1}},"line":11}},"branchMap":{},"s":{"0":1,"1":1,"2":1,"3":1,"4":1,"5":1},"f":{"0":1,"1":1},"b":{},"_coverageSchema":"1a1c01bbd47fc00a2c39e90264f33305004495a9","hash":"407d777a60c3bec2e32bae56cfb16624563c0929"}
,"/Users/ruchita/Documents/Demo/todoListApp/src/services/TaskService.js": {"path":"/Users/ruchita/Documents/Demo/todoListApp/src/services/TaskService.js","statementMap":{"0":{"start":{"line":8,"column":20},"end":{"line":23,"column":1}},"1":{"start":{"line":9,"column":4},"end":{"line":22,"column":5}},"2":{"start":{"line":11,"column":25},"end":{"line":11,"column":60}},"3":{"start":{"line":12,"column":8},"end":{"line":12,"column":73}},"4":{"start":{"line":14,"column":8},"end":{"line":17,"column":19}},"5":{"start":{"line":19,"column":8},"end":{"line":19,"column":24}},"6":{"start":{"line":21,"column":8},"end":{"line":21,"column":21}},"7":{"start":{"line":26,"column":16},"end":{"line":42,"column":1}},"8":{"start":{"line":27,"column":4},"end":{"line":41,"column":5}},"9":{"start":{"line":29,"column":25},"end":{"line":29,"column":66}},"10":{"start":{"line":30,"column":8},"end":{"line":30,"column":69}},"11":{"start":{"line":31,"column":26},"end":{"line":31,"column":66}},"12":{"start":{"line":33,"column":8},"end":{"line":36,"column":19}},"13":{"start":{"line":37,"column":8},"end":{"line":37,"column":24}},"14":{"start":{"line":40,"column":8},"end":{"line":40,"column":21}},"15":{"start":{"line":44,"column":19},"end":{"line":58,"column":1}},"16":{"start":{"line":45,"column":22},"end":{"line":45,"column":62}},"17":{"start":{"line":46,"column":16},"end":{"line":46,"column":57}},"18":{"start":{"line":46,"column":39},"end":{"line":46,"column":56}},"19":{"start":{"line":48,"column":4},"end":{"line":55,"column":5}},"20":{"start":{"line":50,"column":8},"end":{"line":50,"column":48}},"21":{"start":{"line":51,"column":8},"end":{"line":54,"column":19}}},"fnMap":{"0":{"name":"(anonymous_0)","decl":{"start":{"line":8,"column":20},"end":{"line":8,"column":21}},"loc":{"start":{"line":8,"column":32},"end":{"line":23,"column":1}},"line":8},"1":{"name":"(anonymous_1)","decl":{"start":{"line":26,"column":16},"end":{"line":26,"column":17}},"loc":{"start":{"line":26,"column":32},"end":{"line":42,"column":1}},"line":26},"2":{"name":"(anonymous_2)","decl":{"start":{"line":44,"column":19},"end":{"line":44,"column":20}},"loc":{"start":{"line":44,"column":29},"end":{"line":58,"column":1}},"line":44},"3":{"name":"(anonymous_3)","decl":{"start":{"line":46,"column":32},"end":{"line":46,"column":33}},"loc":{"start":{"line":46,"column":39},"end":{"line":46,"column":56}},"line":46}},"branchMap":{"0":{"loc":{"start":{"line":35,"column":19},"end":{"line":35,"column":64}},"type":"cond-expr","locations":[{"start":{"line":35,"column":27},"end":{"line":35,"column":50}},{"start":{"line":35,"column":53},"end":{"line":35,"column":64}}],"line":35},"1":{"loc":{"start":{"line":35,"column":53},"end":{"line":35,"column":64}},"type":"binary-expr","locations":[{"start":{"line":35,"column":53},"end":{"line":35,"column":58}},{"start":{"line":35,"column":62},"end":{"line":35,"column":64}}],"line":35},"2":{"loc":{"start":{"line":48,"column":4},"end":{"line":55,"column":5}},"type":"if","locations":[{"start":{"line":48,"column":4},"end":{"line":55,"column":5}},{"start":{},"end":{}}],"line":48}},"s":{"0":1,"1":1,"2":1,"3":0,"4":0,"5":0,"6":0,"7":1,"8":0,"9":0,"10":0,"11":0,"12":0,"13":0,"14":0,"15":1,"16":0,"17":0,"18":0,"19":0,"20":0,"21":0},"f":{"0":1,"1":0,"2":0,"3":0},"b":{"0":[0,0],"1":[0,0],"2":[0,0]},"_coverageSchema":"1a1c01bbd47fc00a2c39e90264f33305004495a9","hash":"13cfe66caf382bcd6594c4dd231df8ca2aaee67e"}
}
