TN:
SF:App.js
FN:22,(anonymous_0)
FN:26,(anonymous_1)
FN:30,(anonymous_2)
FN:31,(anonymous_3)
FN:32,(anonymous_4)
FN:48,(anonymous_5)
FNF:6
FNH:4
FNDA:2,(anonymous_0)
FNDA:2,(anonymous_1)
FNDA:1,(anonymous_2)
FNDA:0,(anonymous_3)
FNDA:0,(anonymous_4)
FNDA:1,(anonymous_5)
DA:18,1
DA:21,1
DA:22,1
DA:25,2
DA:26,2
DA:27,2
DA:29,1
DA:30,1
DA:31,0
DA:32,0
DA:35,1
DA:43,2
DA:49,1
DA:50,1
LF:14
LH:12
BRF:0
BRH:0
end_of_record
TN:
SF:src/Components/Common/Button.js
FN:6,(anonymous_0)
FNF:1
FNH:0
FNDA:0,(anonymous_0)
DA:6,1
DA:8,0
DA:22,1
LF:3
LH:2
BRDA:13,0,0,0
BRDA:13,0,1,0
BRF:2
BRH:0
end_of_record
TN:
SF:src/Components/Common/InputText.js
FN:6,(anonymous_0)
FNF:1
FNH:0
FNDA:0,(anonymous_0)
DA:6,1
DA:10,0
DA:11,0
DA:61,1
LF:4
LH:2
BRDA:13,0,0,0
BRDA:13,0,1,0
BRDA:15,1,0,0
BRDA:15,1,1,0
BRDA:44,2,0,0
BRDA:44,2,1,0
BRDA:48,3,0,0
BRDA:48,3,1,0
BRF:8
BRH:0
end_of_record
TN:
SF:src/Components/Loader/Spinner.js
FN:6,(anonymous_0)
FNF:1
FNH:0
FNDA:0,(anonymous_0)
DA:6,1
DA:7,0
DA:14,1
LF:3
LH:2
BRF:0
BRH:0
end_of_record
TN:
SF:src/Components/Loader/index.js
FN:5,(anonymous_0)
FN:8,(anonymous_1)
FN:9,(anonymous_2)
FN:13,(anonymous_3)
FN:17,(anonymous_4)
FNF:5
FNH:3
FNDA:1,(anonymous_0)
FNDA:1,(anonymous_1)
FNDA:1,(anonymous_2)
FNDA:0,(anonymous_3)
FNDA:0,(anonymous_4)
DA:5,1
DA:6,1
DA:8,1
DA:10,1
DA:11,1
DA:14,0
DA:15,0
DA:17,0
DA:20,1
DA:21,1
DA:24,0
DA:31,1
LF:12
LH:8
BRDA:14,0,0,0
BRDA:14,0,1,0
BRDA:20,1,0,1
BRDA:20,1,1,0
BRF:4
BRH:1
end_of_record
TN:
SF:src/Components/TaskItem/TaskrenderItem.js
FN:8,(anonymous_0)
FN:11,(anonymous_1)
FN:23,(anonymous_2)
FN:34,(anonymous_3)
FNF:4
FNH:0
FNDA:0,(anonymous_0)
FNDA:0,(anonymous_1)
FNDA:0,(anonymous_2)
FNDA:0,(anonymous_3)
DA:8,1
DA:9,0
DA:11,0
DA:12,0
DA:16,0
DA:23,0
DA:24,0
DA:26,0
DA:33,0
DA:34,0
DA:49,1
LF:11
LH:2
BRDA:18,0,0,0
BRDA:18,0,1,0
BRDA:37,1,0,0
BRDA:37,1,1,0
BRDA:39,2,0,0
BRDA:39,2,1,0
BRF:6
BRH:0
end_of_record
TN:
SF:src/Helper/AxiosHelper.js
FN:13,(anonymous_0)
FN:30,(anonymous_1)
FN:32,(anonymous_2)
FN:37,(anonymous_3)
FN:41,(anonymous_4)
FN:49,(anonymous_5)
FN:50,(anonymous_6)
FN:54,(anonymous_7)
FN:57,(anonymous_8)
FN:63,(anonymous_9)
FN:64,(anonymous_10)
FN:66,(anonymous_11)
FN:69,(anonymous_12)
FN:75,(anonymous_13)
FN:76,(anonymous_14)
FN:80,(anonymous_15)
FN:83,(anonymous_16)
FN:89,(anonymous_17)
FN:90,(anonymous_18)
FN:94,(anonymous_19)
FN:97,(anonymous_20)
FN:103,(anonymous_21)
FN:104,(anonymous_22)
FN:106,(anonymous_23)
FN:109,(anonymous_24)
FN:112,(anonymous_25)
FN:118,(anonymous_26)
FNF:27
FNH:2
FNDA:0,(anonymous_0)
FNDA:0,(anonymous_1)
FNDA:0,(anonymous_2)
FNDA:0,(anonymous_3)
FNDA:0,(anonymous_4)
FNDA:0,(anonymous_5)
FNDA:0,(anonymous_6)
FNDA:0,(anonymous_7)
FNDA:0,(anonymous_8)
FNDA:0,(anonymous_9)
FNDA:0,(anonymous_10)
FNDA:0,(anonymous_11)
FNDA:0,(anonymous_12)
FNDA:0,(anonymous_13)
FNDA:0,(anonymous_14)
FNDA:0,(anonymous_15)
FNDA:0,(anonymous_16)
FNDA:0,(anonymous_17)
FNDA:0,(anonymous_18)
FNDA:0,(anonymous_19)
FNDA:0,(anonymous_20)
FNDA:1,(anonymous_21)
FNDA:1,(anonymous_22)
FNDA:0,(anonymous_23)
FNDA:0,(anonymous_24)
FNDA:0,(anonymous_25)
FNDA:0,(anonymous_26)
DA:11,1
DA:13,1
DA:15,0
DA:19,0
DA:24,0
DA:25,0
DA:27,0
DA:30,1
DA:31,0
DA:32,0
DA:33,0
DA:38,0
DA:39,0
DA:42,0
DA:43,0
DA:49,1
DA:50,0
DA:51,0
DA:55,0
DA:58,0
DA:63,1
DA:64,0
DA:65,0
DA:67,0
DA:70,0
DA:75,1
DA:76,0
DA:77,0
DA:81,0
DA:84,0
DA:89,1
DA:90,0
DA:91,0
DA:95,0
DA:98,0
DA:103,1
DA:104,1
DA:105,1
DA:107,0
DA:110,0
DA:118,1
DA:121,0
DA:122,0
DA:124,0
DA:125,0
DA:127,0
DA:130,0
DA:136,0
LF:48
LH:11
BRDA:103,0,0,1
BRDA:103,1,0,1
BRDA:105,2,0,0
BRDA:105,2,1,1
BRDA:121,3,0,0
BRDA:121,3,1,0
BRDA:121,4,0,0
BRDA:121,4,1,0
BRDA:124,5,0,0
BRDA:124,5,1,0
BRDA:127,6,0,0
BRDA:127,6,1,0
BRDA:137,7,0,0
BRDA:137,7,1,0
BRF:14
BRH:3
end_of_record
TN:
SF:src/Helper/Utils.js
FN:1,(anonymous_0)
FN:2,(anonymous_1)
FN:3,(anonymous_2)
FNF:3
FNH:1
FNDA:1,(anonymous_0)
FNDA:0,(anonymous_1)
FNDA:0,(anonymous_2)
DA:1,1
DA:2,1
DA:3,1
LF:3
LH:3
BRF:0
BRH:0
end_of_record
TN:
SF:src/Helper/responsiveScreen.js
FN:12,isIphoneXorAbove
FN:22,wp
FN:27,hp
FN:36,normalize
FNF:4
FNH:3
FNDA:1,isIphoneXorAbove
FNDA:7,wp
FNDA:8,hp
FNDA:0,normalize
DA:3,1
DA:5,1
DA:6,1
DA:8,1
DA:9,1
DA:10,1
DA:13,1
DA:14,1
DA:23,7
DA:24,7
DA:28,8
DA:29,8
DA:34,1
DA:37,0
DA:38,0
DA:39,0
DA:40,0
DA:43,0
DA:46,0
DA:47,0
DA:50,0
LF:21
LH:13
BRDA:15,0,0,1
BRDA:15,0,1,1
BRDA:15,0,2,1
BRDA:15,0,3,1
BRDA:15,0,4,1
BRDA:15,0,5,1
BRDA:15,0,6,1
BRDA:38,1,0,0
BRDA:38,1,1,0
BRDA:39,2,0,0
BRDA:39,2,1,0
BRDA:46,3,0,0
BRDA:46,3,1,0
BRF:13
BRH:7
end_of_record
TN:
SF:src/Navigation/routes.js
FN:10,HomeStackNavigator
FN:20,Routes
FNF:2
FNH:2
FNDA:2,HomeStackNavigator
FNDA:2,Routes
DA:8,1
DA:11,2
DA:21,2
LF:3
LH:3
BRF:0
BRH:0
end_of_record
TN:
SF:src/Screens/AddTask/index.js
FN:13,(anonymous_0)
FN:20,BackClick
FN:24,(anonymous_2)
FN:27,(anonymous_3)
FN:29,(anonymous_4)
FN:41,(anonymous_5)
FN:80,(anonymous_6)
FN:92,(anonymous_7)
FN:104,(anonymous_8)
FN:116,(anonymous_9)
FN:130,(anonymous_10)
FN:144,(anonymous_11)
FNF:12
FNH:0
FNDA:0,(anonymous_0)
FNDA:0,BackClick
FNDA:0,(anonymous_2)
FNDA:0,(anonymous_3)
FNDA:0,(anonymous_4)
FNDA:0,(anonymous_5)
FNDA:0,(anonymous_6)
FNDA:0,(anonymous_7)
FNDA:0,(anonymous_8)
FNDA:0,(anonymous_9)
FNDA:0,(anonymous_10)
FNDA:0,(anonymous_11)
DA:13,1
DA:15,0
DA:16,0
DA:17,0
DA:18,0
DA:21,0
DA:24,0
DA:25,0
DA:28,0
DA:29,0
DA:41,0
DA:43,0
DA:45,0
DA:47,0
DA:49,0
DA:51,0
DA:53,0
DA:57,0
DA:65,0
DA:66,0
DA:67,0
DA:68,0
DA:74,0
DA:81,0
DA:93,0
DA:105,0
DA:117,0
DA:130,0
DA:137,1
DA:144,1
DA:145,0
LF:31
LH:3
BRDA:43,0,0,0
BRDA:43,0,1,0
BRDA:47,1,0,0
BRDA:47,1,1,0
BRDA:51,2,0,0
BRDA:51,2,1,0
BRDA:51,3,0,0
BRDA:51,3,1,0
BRDA:51,3,2,0
BRDA:51,3,3,0
BRDA:66,4,0,0
BRDA:66,4,1,0
BRDA:67,5,0,0
BRDA:67,5,1,0
BRF:14
BRH:0
end_of_record
TN:
SF:src/Screens/Home/index.js
FN:13,(anonymous_0)
FN:17,(anonymous_1)
FN:22,(anonymous_2)
FN:25,(anonymous_3)
FN:27,(anonymous_4)
FN:40,(anonymous_5)
FN:47,(anonymous_6)
FN:48,(anonymous_7)
FN:52,(anonymous_8)
FN:57,(anonymous_9)
FN:73,(anonymous_10)
FN:74,(anonymous_11)
FN:76,(anonymous_12)
FN:76,(anonymous_13)
FN:95,(anonymous_14)
FNF:15
FNH:5
FNDA:1,(anonymous_0)
FNDA:1,(anonymous_1)
FNDA:1,(anonymous_2)
FNDA:0,(anonymous_3)
FNDA:0,(anonymous_4)
FNDA:1,(anonymous_5)
FNDA:0,(anonymous_6)
FNDA:0,(anonymous_7)
FNDA:0,(anonymous_8)
FNDA:0,(anonymous_9)
FNDA:0,(anonymous_10)
FNDA:0,(anonymous_11)
FNDA:0,(anonymous_12)
FNDA:0,(anonymous_13)
FNDA:1,(anonymous_14)
DA:13,1
DA:15,1
DA:17,1
DA:18,1
DA:22,1
DA:23,1
DA:26,0
DA:27,0
DA:40,1
DA:41,1
DA:42,1
DA:43,0
DA:47,1
DA:48,0
DA:52,1
DA:53,0
DA:57,1
DA:58,0
DA:61,1
DA:73,0
DA:75,0
DA:76,0
DA:85,1
DA:95,1
DA:97,1
LF:25
LH:16
BRDA:64,0,0,1
BRDA:64,0,1,0
BRF:2
BRH:1
end_of_record
TN:
SF:src/Screens/TaskDetail/index.js
FN:12,(anonymous_0)
FN:16,BackClick
FN:20,(anonymous_2)
FN:21,(anonymous_3)
FN:29,(anonymous_4)
FN:32,(anonymous_5)
FN:34,(anonymous_6)
FN:71,(anonymous_7)
FNF:8
FNH:0
FNDA:0,(anonymous_0)
FNDA:0,BackClick
FNDA:0,(anonymous_2)
FNDA:0,(anonymous_3)
FNDA:0,(anonymous_4)
FNDA:0,(anonymous_5)
FNDA:0,(anonymous_6)
FNDA:0,(anonymous_7)
DA:12,1
DA:14,0
DA:17,0
DA:20,0
DA:21,0
DA:25,0
DA:29,0
DA:30,0
DA:33,0
DA:34,0
DA:47,0
DA:58,1
DA:71,1
DA:73,0
LF:14
LH:3
BRF:0
BRH:0
end_of_record
TN:
SF:src/Utils/colors.js
FNF:0
FNH:0
DA:3,1
LF:1
LH:1
BRF:0
BRH:0
end_of_record
TN:
SF:src/Utils/commonStyle.js
FNF:0
FNH:0
DA:6,1
LF:1
LH:1
BRDA:12,0,0,0
BRDA:12,0,1,1
BRF:2
BRH:1
end_of_record
TN:
SF:src/constants/urls.js
FNF:0
FNH:0
DA:1,1
DA:4,1
DA:6,1
LF:3
LH:3
BRF:0
BRH:0
end_of_record
TN:
SF:src/models/TaskModel.ts
FNF:0
FNH:0
DA:8,1
LF:1
LH:1
BRF:0
BRH:0
end_of_record
TN:
SF:src/models/index.js
FN:5,(anonymous_0)
FNF:1
FNH:1
FNDA:1,(anonymous_0)
DA:5,1
DA:8,1
LF:2
LH:2
BRF:0
BRH:0
end_of_record
TN:
SF:src/reduxStore/index.js
FNF:0
FNH:0
LF:0
LH:0
BRF:0
BRH:0
end_of_record
TN:
SF:src/reduxStore/actions/actionConstant.js
FNF:0
FNH:0
DA:2,1
DA:3,1
DA:4,1
DA:6,1
DA:7,1
DA:8,1
LF:6
LH:6
BRF:0
BRH:0
end_of_record
TN:
SF:src/reduxStore/actions/modelActions.js
FN:11,dispatch
FN:18,saveInstance
FN:26,removeInstance
FN:33,updateInstance
FN:41,saveInstanceArray
FN:49,updateInstanceArray
FN:57,removeInstanceArray
FNF:7
FNH:2
FNDA:1,dispatch
FNDA:1,saveInstance
FNDA:0,removeInstance
FNDA:0,updateInstance
FNDA:0,saveInstanceArray
FNDA:0,updateInstanceArray
FNDA:0,removeInstanceArray
DA:12,1
DA:13,1
DA:15,0
DA:19,1
DA:27,0
DA:34,0
DA:42,0
DA:50,0
DA:58,0
LF:9
LH:3
BRDA:12,0,0,1
BRDA:12,0,1,0
BRF:2
BRH:1
end_of_record
TN:
SF:src/reduxStore/baseModel/BaseModel.ts
FN:23,(anonymous_0)
FN:34,(anonymous_1)
FN:43,(anonymous_2)
FN:54,(anonymous_3)
FN:69,(anonymous_4)
FN:75,(anonymous_5)
FN:85,(anonymous_6)
FN:97,(anonymous_7)
FN:113,(anonymous_8)
FN:115,(anonymous_9)
FN:127,(anonymous_10)
FN:128,(anonymous_11)
FN:139,(anonymous_12)
FN:141,(anonymous_13)
FN:147,(anonymous_14)
FN:155,(anonymous_15)
FN:163,(anonymous_16)
FN:172,(anonymous_17)
FN:174,(anonymous_18)
FN:181,(anonymous_19)
FN:186,(anonymous_20)
FN:192,validateObject
FN:204,(anonymous_22)
FN:205,(anonymous_23)
FNF:24
FNH:4
FNDA:1,(anonymous_0)
FNDA:1,(anonymous_1)
FNDA:1,(anonymous_2)
FNDA:0,(anonymous_3)
FNDA:0,(anonymous_4)
FNDA:0,(anonymous_5)
FNDA:0,(anonymous_6)
FNDA:0,(anonymous_7)
FNDA:0,(anonymous_8)
FNDA:0,(anonymous_9)
FNDA:0,(anonymous_10)
FNDA:0,(anonymous_11)
FNDA:0,(anonymous_12)
FNDA:0,(anonymous_13)
FNDA:0,(anonymous_14)
FNDA:0,(anonymous_15)
FNDA:1,(anonymous_16)
FNDA:0,(anonymous_17)
FNDA:0,(anonymous_18)
FNDA:0,(anonymous_19)
FNDA:0,(anonymous_20)
FNDA:0,validateObject
FNDA:0,(anonymous_22)
FNDA:0,(anonymous_23)
DA:24,1
DA:25,1
DA:35,1
DA:44,1
DA:45,1
DA:55,0
DA:59,0
DA:70,0
DA:71,0
DA:72,0
DA:75,0
DA:76,0
DA:86,0
DA:98,0
DA:99,0
DA:100,0
DA:102,0
DA:103,0
DA:114,0
DA:116,0
DA:128,0
DA:140,0
DA:141,0
DA:142,0
DA:144,0
DA:148,0
DA:149,0
DA:151,0
DA:159,0
DA:160,0
DA:164,1
DA:165,1
DA:166,0
DA:168,1
DA:169,1
DA:173,0
DA:175,0
DA:178,0
DA:182,0
DA:183,0
DA:187,0
DA:188,0
DA:193,0
DA:194,0
DA:195,0
DA:196,0
DA:197,0
DA:201,0
DA:204,1
DA:205,0
DA:206,0
DA:207,0
LF:52
LH:10
BRDA:35,0,0,1
BRDA:35,0,1,1
BRDA:54,1,0,0
BRDA:56,2,0,0
BRDA:56,2,1,0
BRDA:71,3,0,0
BRDA:71,3,1,0
BRDA:97,4,0,0
BRDA:99,5,0,0
BRDA:99,5,1,0
BRDA:103,6,0,0
BRDA:103,6,1,0
BRDA:113,7,0,0
BRDA:127,8,0,0
BRDA:144,9,0,0
BRDA:144,9,1,0
BRDA:148,10,0,0
BRDA:148,10,1,0
BRDA:148,11,0,0
BRDA:148,11,1,0
BRDA:163,12,0,0
BRDA:165,13,0,0
BRDA:165,13,1,1
BRDA:169,14,0,1
BRDA:169,14,1,0
BRDA:172,15,0,0
BRDA:178,16,0,0
BRDA:178,16,1,0
BRDA:181,17,0,0
BRDA:186,18,0,0
BRDA:194,19,0,0
BRDA:194,19,1,0
BRDA:196,20,0,0
BRDA:196,20,1,0
BRF:34
BRH:4
end_of_record
TN:
SF:src/reduxStore/reducers/index.js
FNF:0
FNH:0
DA:4,1
LF:1
LH:1
BRF:0
BRH:0
end_of_record
TN:
SF:src/reduxStore/reducers/modelReducer.js
FN:11,modelReducer
FNF:1
FNH:1
FNDA:4,modelReducer
DA:12,4
DA:14,1
DA:17,0
DA:20,0
DA:25,0
DA:26,0
DA:27,0
DA:35,0
DA:44,0
DA:50,0
DA:57,3
LF:11
LH:3
BRDA:11,0,0,3
BRDA:12,1,0,1
BRDA:12,1,1,0
BRDA:12,1,2,0
BRDA:12,1,3,0
BRDA:12,1,4,0
BRDA:12,1,5,0
BRDA:12,1,6,3
BRDA:26,2,0,0
BRDA:26,2,1,0
BRDA:26,3,0,0
BRDA:26,3,1,0
BRF:12
BRH:3
end_of_record
TN:
SF:src/reduxStore/store/index.js
FN:6,getMiddlewares
FN:11,(anonymous_1)
FNF:2
FNH:2
FNDA:1,getMiddlewares
FNDA:1,(anonymous_1)
DA:7,1
DA:8,1
DA:11,1
DA:12,1
DA:18,1
DA:21,1
LF:6
LH:6
BRF:0
BRH:0
end_of_record
TN:
SF:src/services/TaskService.js
FN:8,(anonymous_0)
FN:26,(anonymous_1)
FN:44,(anonymous_2)
FN:46,(anonymous_3)
FNF:4
FNH:1
FNDA:1,(anonymous_0)
FNDA:0,(anonymous_1)
FNDA:0,(anonymous_2)
FNDA:0,(anonymous_3)
DA:8,1
DA:9,1
DA:11,1
DA:12,0
DA:14,0
DA:19,0
DA:21,0
DA:26,1
DA:27,0
DA:29,0
DA:30,0
DA:31,0
DA:33,0
DA:37,0
DA:40,0
DA:44,1
DA:45,0
DA:46,0
DA:48,0
DA:50,0
DA:51,0
LF:21
LH:5
BRDA:35,0,0,0
BRDA:35,0,1,0
BRDA:35,1,0,0
BRDA:35,1,1,0
BRDA:48,2,0,0
BRDA:48,2,1,0
BRF:6
BRH:0
end_of_record
